setpos_exact 2385.289551 -383.454376 83.996948;setang_exact 0.000000 77.795410 0.000000
setpos_exact 2348.414063 -240.765579 100.488243;setang_exact 0.000000 97.003784 0.000000
setpos_exact 2228.043701 7.134559 180.995590;setang_exact 0.000000 124.508057 0.000000
setpos_exact 1980.444580 24.167021 124.252258;setang_exact 0.000000 177.962036 0.000000
setpos_exact 1681.824707 43.638348 128.573685;setang_exact 0.000000 182.373047 0.000000
setpos_exact 1691.415649 65.190483 129.147156;setang_exact 0.000000 180.247192 0.000000
setpos_exact 1601.839111 72.038956 128.115692;setang_exact 0.000000 175.808716 0.000000
setpos_exact 1487.767456 125.826111 126.593216;setang_exact 0.000000 175.808716 0.000000
setpos_exact 1335.000488 145.398697 134.317780;setang_exact 0.000000 138.121948 0.000000
setpos_exact 1440.784790 363.647797 131.070923;setang_exact 0.000000 87.703857 0.000000
setpos_exact 1839.817383 361.702454 160.031250;setang_exact 0.000000 272.521362 0.000000
setpos_exact 1853.844116 276.031250 160.031250;setang_exact 0.000000 271.691895 0.000000
setpos_exact 1850.527344 360.112793 160.031250;setang_exact 0.000000 267.396240 0.000000
setpos_exact 1841.777710 363.628265 160.031250;setang_exact 0.000000 264.902344 0.000000
setpos_exact 1849.447632 276.031250 160.031250;setang_exact 0.000000 166.002808 0.000000
setpos_exact 1849.634399 364.201965 160.031250;setang_exact 0.000000 270.120850 0.000000
setpos_exact 1859.332397 276.031250 160.031250;setang_exact 0.000000 199.538574 0.000000
setpos_exact 1852.306274 276.031250 160.031250;setang_exact 0.000000 267.121582 0.000000
setpos_exact 1854.828979 365.372833 160.031250;setang_exact 0.000000 272.526855 0.000000
setpos_exact 2264.762451 170.187866 128.719345;setang_exact 0.000000 249.590454 0.000000
setpos_exact 2281.672607 173.589432 128.423538;setang_exact 0.000000 251.927490 0.000000
setpos_exact 2281.100586 168.882248 128.382111;setang_exact 0.000000 261.172485 0.000000
setpos_exact 2278.185547 175.121796 128.463196;setang_exact 0.000000 261.908569 0.000000
setpos_exact 2277.903320 178.049622 128.487823;setang_exact 0.000000 261.908569 0.000000
setpos_exact 2356.529541 -190.340103 110.807724;setang_exact 0.000000 261.491089 0.000000
setpos_exact 2349.950439 -187.453445 111.596298;setang_exact 0.000000 261.491089 0.000000
setpos_exact 2343.154785 -185.628479 112.189980;setang_exact 0.000000 261.491089 0.000000
setpos_exact 2358.665039 -179.201080 112.557083;setang_exact 0.000000 261.491089 0.000000
setpos_exact 2366.237061 -345.848785 88.955864;setang_exact 0.000000 265.281372 0.000000
setpos_exact 2370.111572 -180.526917 112.162720;setang_exact 0.000000 261.491089 0.000000
setpos_exact 2373.968750 -193.871338 109.315460;setang_exact 0.000000 261.491089 0.000000
setpos_exact 2390.536133 -276.864960 133.015793;setang_exact 0.000000 261.491089 0.000000
setpos_exact 2334.405029 -33.570126 128.370667;setang_exact 0.000000 95.723877 0.000000
setpos_exact 2285.214355 -92.389359 126.075974;setang_exact 0.000000 123.767700 0.000000
setpos_exact 2203.403076 454.756348 141.018051;setang_exact 0.000000 269.972534 0.000000
setpos_exact 2254.790771 814.566223 152.486313;setang_exact 0.000000 265.968018 0.000000
setpos_exact 2241.194336 819.152161 153.435272;setang_exact 0.000000 261.441650 0.000000
setpos_exact 2236.886475 818.355835 153.760529;setang_exact 0.000000 261.441650 0.000000
setpos_exact 2225.291016 741.408569 154.454285;setang_exact 0.000000 261.441650 0.000000
setpos_exact 2222.160645 741.053589 154.845993;setang_exact 0.000000 85.684814 0.000000
setpos_exact 1832.475586 1379.539185 194.595306;setang_exact 0.000000 106.290283 0.000000
setpos_exact 1911.110596 -108.968758 198.031250;setang_exact 0.000000 176.374512 0.000000
setpos_exact 1914.427490 -101.676010 334.129272;setang_exact 0.000000 171.710815 0.000000
setpos_exact 1875.279907 -93.124847 203.226501;setang_exact 0.000000 173.556519 0.000000
setpos_exact 1782.001221 -108.968750 152.031250;setang_exact 0.000000 177.758789 0.000000
setpos_exact 1864.315796 -92.450882 171.031250;setang_exact 0.000000 175.083618 0.000000
setpos_exact 1993.878052 -132.083374 292.031250;setang_exact 0.000000 132.297363 0.000000
setpos_exact 1952.784912 -113.627975 347.179596;setang_exact 0.000000 161.717514 0.000000
setpos_exact 1951.757568 -110.069458 256.031250;setang_exact 0.000000 162.592163 0.000000
setpos_exact 1846.799316 -105.624176 160.034988;setang_exact 0.000000 178.328857 0.000000
setpos_exact 2026.441895 -134.986542 292.031250;setang_exact 0.000000 167.497559 0.000000
setpos_exact 1884.683228 -98.723686 205.605469;setang_exact 0.000000 170.402222 0.000000
setpos_exact 1778.031250 -99.769936 304.031250;setang_exact 0.000000 177.478638 0.000000
setpos_exact 1778.031250 -98.855080 303.978790;setang_exact 0.000000 180.483398 0.000000
setpos_exact 1815.929199 -94.312408 161.263657;setang_exact 0.000000 178.813477 0.000000
setpos_exact 1995.867798 -135.720154 292.031250;setang_exact 0.000000 160.334473 0.000000
setpos_exact 1827.667847 -102.793648 166.025284;setang_exact 0.000000 178.133545 0.000000
setpos_exact 2001.527344 -141.124359 292.031250;setang_exact 0.000000 166.025528 0.000000
setpos_exact 2030.745239 -140.115723 292.031250;setang_exact 0.000000 160.609131 0.000000
setpos_exact 2036.004517 -139.934158 292.031250;setang_exact 0.000000 160.609131 0.000000
setpos_exact 1825.167236 -104.512253 172.408447;setang_exact 0.000000 180.545044 0.000000
setpos_exact 2005.708374 -138.901855 292.031250;setang_exact 0.000000 171.091019 0.000000
setpos_exact 2027.020508 -139.628067 292.031250;setang_exact 0.000000 163.622894 0.000000
setpos_exact 2035.472046 -139.916031 292.031250;setang_exact 0.000000 160.471802 0.000000
setpos_exact 1828.319214 -104.727531 184.173004;setang_exact 0.000000 177.234497 0.000000
setpos_exact 2005.470093 -141.820724 292.031250;setang_exact 0.000000 167.634079 0.000000
setpos_exact 2027.399414 -140.465851 292.031250;setang_exact 0.000000 160.883102 0.000000
setpos_exact 2035.077148 -139.991455 292.031250;setang_exact 0.000000 160.521240 0.000000
setpos_exact 2036.004517 -139.934158 292.031250;setang_exact 0.000000 160.521240 0.000000
setpos_exact 2057.368652 -141.318909 292.031250;setang_exact 0.000000 179.256592 0.000000
setpos_exact 1968.940430 -139.141312 292.031250;setang_exact 0.000000 180.769043 0.000000
setpos_exact 1782.031250 -83.335960 212.832458;setang_exact 0.000000 172.858887 0.000000
setpos_exact 1778.031250 -101.918861 304.031250;setang_exact 0.000000 179.511108 0.000000
setpos_exact 1782.031250 -108.968758 213.397614;setang_exact 0.000000 178.082886 0.000000
setpos_exact 1778.060181 -99.425842 304.031250;setang_exact 0.000000 181.549072 0.000000
setpos_exact 1778.031250 -99.668083 304.031250;setang_exact 0.000000 175.676880 0.000000
setpos_exact 1907.442017 -107.016289 320.624268;setang_exact 0.000000 170.090332 0.000000
setpos_exact 1778.031250 -102.609352 304.031250;setang_exact 0.000000 172.122803 0.000000
setpos_exact 1927.454224 -108.968758 340.856232;setang_exact 0.000000 172.771805 0.000000
setpos_exact 1849.555908 -108.968758 190.076691;setang_exact 0.000000 171.979980 0.000000
setpos_exact 2028.494995 -142.959442 292.031250;setang_exact 0.000000 182.334595 0.000000
setpos_exact 2057.019531 -142.959442 292.031250;setang_exact 0.000000 181.873169 0.000000
setpos_exact 2062.930908 -142.959442 292.031250;setang_exact 0.000000 181.873169 0.000000
setpos_exact 1809.614990 -100.734039 278.322876;setang_exact 0.000000 177.282104 0.000000
setpos_exact 2031.210327 -146.369507 292.031250;setang_exact 0.000000 180.351563 0.000000
setpos_exact 1819.509033 -101.729446 172.729767;setang_exact 0.000000 172.858887 0.000000
setpos_exact 2025.766724 -142.695511 292.031250;setang_exact 0.000000 181.461182 0.000000
setpos_exact 2059.442627 -142.934677 292.031250;setang_exact 0.000000 176.879883 0.000000
setpos_exact 2062.930908 -142.959442 292.031250;setang_exact 0.000000 176.879883 0.000000
setpos_exact 1825.808105 -96.819199 182.237320;setang_exact 0.000000 170.645142 0.000000
setpos_exact 2027.891113 -140.592773 292.031250;setang_exact 0.000000 182.570801 0.000000
setpos_exact 2057.568604 -142.597229 292.031250;setang_exact 0.000000 175.325317 0.000000
setpos_exact 2062.930908 -142.959442 292.031250;setang_exact 0.000000 174.199219 0.000000
setpos_exact 1837.776611 -100.188522 183.159271;setang_exact 0.000000 169.024658 0.000000
setpos_exact 2034.620361 -147.155838 291.994934;setang_exact 0.000000 177.457626 0.000000
setpos_exact 2051.740479 -144.618088 292.031250;setang_exact 0.000000 180.856934 0.000000
setpos_exact 2061.528320 -143.167297 292.031250;setang_exact 0.000000 181.735840 0.000000
setpos_exact 1782.031250 -105.384384 234.021896;setang_exact 0.000000 180.723999 0.000000
setpos_exact 2062.930908 -160.801117 256.031250;setang_exact 0.000000 174.631958 0.000000
setpos_exact 1778.134766 -104.875648 304.031250;setang_exact 0.000000 179.049683 0.000000
setpos_exact 1811.529663 -108.968758 152.031250;setang_exact 0.000000 172.814941 0.000000
setpos_exact 2049.149414 -142.959442 292.031250;setang_exact 0.000000 182.570801 0.000000
setpos_exact 1778.031250 -99.723724 304.031250;setang_exact 0.000000 177.802734 0.000000
setpos_exact 1778.031250 -95.913895 304.031250;setang_exact 0.000000 177.434692 0.000000
setpos_exact 1911.119019 -107.289436 324.828125;setang_exact 0.000000 172.166748 0.000000
setpos_exact 1914.853516 -101.278725 346.598206;setang_exact 0.000000 167.425735 0.000000
setpos_exact 1778.031250 -91.287521 304.031250;setang_exact 0.000000 174.479370 0.000000
setpos_exact 1782.001831 -105.658005 201.718933;setang_exact 0.000000 180.071411 0.000000
setpos_exact 1788.210205 -94.907562 152.031250;setang_exact 0.000000 170.595703 0.000000
setpos_exact 1788.221558 -95.607613 152.031250;setang_exact 0.000000 173.644409 0.000000
setpos_exact 2054.217529 -142.912262 292.031250;setang_exact 0.000000 180.444946 0.000000
setpos_exact 2062.645752 -142.957886 292.031250;setang_exact 0.000000 182.334595 0.000000
setpos_exact 1792.081055 -106.490974 152.031250;setang_exact 0.000000 174.803467 0.000000
setpos_exact 1764.995483 -105.699402 342.031250;setang_exact 0.000000 172.765503 0.000000
setpos_exact 1778.043457 -95.145386 304.031250;setang_exact 0.000000 177.297363 0.000000
setpos_exact 1792.826904 -95.068420 152.031250;setang_exact 0.000000 166.761475 0.000000
setpos_exact 1794.923340 -97.204987 152.031250;setang_exact 0.000000 171.013184 0.000000
setpos_exact 1778.031250 -89.693451 341.104980;setang_exact 0.000000 178.725586 0.000000
setpos_exact 1911.042114 -108.986725 307.202759;setang_exact 0.000000 172.888184 0.000000
setpos_exact 1795.422974 -106.078644 152.031250;setang_exact 0.000000 168.425903 0.000000
setpos_exact 1782.072998 -105.202721 162.164291;setang_exact 0.000000 179.090103 0.000000
setpos_exact 1786.071167 -90.156883 152.031250;setang_exact 0.000000 170.645142 0.000000
setpos_exact 1778.002930 -96.977776 304.031250;setang_exact 0.000000 176.555786 0.000000
setpos_exact 1782.031250 -97.805153 165.873245;setang_exact 0.000000 176.555786 0.000000
setpos_exact 1790.149292 -91.836639 152.031250;setang_exact 0.000000 168.612671 0.000000
setpos_exact 1919.939209 -107.640663 344.434509;setang_exact 0.000000 167.574905 0.000000
setpos_exact 1797.101318 -93.392464 152.031250;setang_exact 0.000000 164.157410 0.000000
setpos_exact 1782.000244 -104.873795 152.031250;setang_exact 0.000000 176.035782 0.000000
setpos_exact 1782.031250 -108.968750 152.031250;setang_exact 0.000000 180.071411 0.000000
setpos_exact 1844.579468 -93.102249 176.434814;setang_exact 0.000000 168.299561 0.000000
setpos_exact 2067.022949 -376.666321 292.031250;setang_exact 0.000000 83.255615 0.000000
setpos_exact 2105.722168 -375.314819 292.031250;setang_exact 0.000000 79.546509 0.000000
setpos_exact 2092.806152 -291.774017 264.790131;setang_exact 0.000000 92.345581 0.000000
setpos_exact 2108.498291 -356.151031 292.031250;setang_exact 0.000000 102.593994 0.000000
setpos_exact 2105.810059 -385.907318 292.031250;setang_exact 0.000000 113.269043 0.000000
setpos_exact 2105.722168 -375.314819 292.031250;setang_exact 0.000000 113.692017 0.000000
setpos_exact 2105.722168 -375.314819 292.031250;setang_exact 0.000000 113.692017 0.000000
setpos_exact 1793.200317 -98.229523 152.031250;setang_exact 0.000000 170.051880 0.000000
setpos_exact 1815.534668 -99.607506 152.031250;setang_exact 0.000000 177.258911 0.000000
setpos_exact 1907.082397 -101.047729 334.772522;setang_exact 0.000000 162.419388 0.000000
setpos_exact 1953.031250 -147.003036 256.031250;setang_exact 0.000000 153.050537 0.000000
setpos_exact 2001.541504 -147.031250 256.031250;setang_exact 0.000000 131.779495 0.000000
setpos_exact 1779.604370 -108.996437 152.031250;setang_exact 0.000000 174.544739 0.000000
setpos_exact 1839.224365 -108.968758 235.431656;setang_exact 0.000000 172.882080 0.000000
setpos_exact 2082.846436 -362.877380 291.418976;setang_exact 0.000000 93.496338 0.000000
setpos_exact 1790.361206 -108.246834 152.031250;setang_exact 0.000000 164.877319 0.000000
setpos_exact 1887.737915 -77.905075 231.537262;setang_exact 0.000000 156.469727 0.000000
setpos_exact 2076.945313 -367.889496 292.031250;setang_exact 0.000000 82.227173 0.000000
setpos_exact 1884.549194 -101.381866 301.903351;setang_exact 0.000000 165.342407 0.000000
setpos_exact 2098.406006 -379.508575 292.031250;setang_exact 0.000000 109.020996 0.000000
setpos_exact 1778.031250 -107.487747 304.031250;setang_exact 0.000000 180.499878 0.000000
setpos_exact 1782.000488 -108.968750 152.031250;setang_exact 0.000000 180.038452 0.000000
setpos_exact 1844.071045 -101.415688 172.836731;setang_exact 0.000000 174.621582 0.000000
setpos_exact 2077.041748 -376.829559 292.031250;setang_exact 0.000000 86.759644 0.000000
setpos_exact 1798.921875 -107.220451 152.031250;setang_exact 0.000000 174.534302 0.000000
setpos_exact 1794.873291 -108.980713 152.031250;setang_exact 0.000000 177.676392 0.000000
setpos_exact 1859.789795 -108.968758 183.566528;setang_exact 0.000000 175.628662 0.000000
setpos_exact 2075.620605 -378.966003 292.031250;setang_exact 0.000000 84.425049 0.000000
setpos_exact 1916.886963 -108.968758 305.442078;setang_exact 0.000000 170.941772 0.000000
setpos_exact 1931.473755 -98.711380 269.694672;setang_exact 0.000000 160.042114 0.000000
setpos_exact 1782.031250 -103.691277 152.031250;setang_exact 0.000000 175.089111 0.000000
setpos_exact 1831.100220 -94.673027 152.031250;setang_exact 0.000000 168.574219 0.000000
setpos_exact 1943.766479 -109.222832 314.782074;setang_exact 0.000000 166.327515 0.000000
setpos_exact 1797.986206 -88.644066 152.031250;setang_exact 0.000000 174.484863 0.000000
setpos_exact 1782.031250 -108.968758 175.103119;setang_exact 0.000000 177.974487 0.000000
setpos_exact 1792.190063 -104.133919 152.031250;setang_exact 0.000000 172.452393 0.000000
setpos_exact 1802.401001 -93.199646 152.031250;setang_exact 0.000000 168.063354 0.000000
setpos_exact 1918.774536 -108.968758 296.980652;setang_exact 0.000000 172.364502 0.000000
setpos_exact 1782.031250 -86.551247 190.967102;setang_exact 0.000000 176.171265 0.000000
setpos_exact 2062.565186 -97.229301 216.031250;setang_exact 0.000000 190.266724 0.000000
setpos_exact 1856.807983 -98.479630 305.697327;setang_exact 0.000000 181.675415 0.000000
setpos_exact 1782.031250 -107.152443 223.434814;setang_exact 0.000000 173.029175 0.000000
setpos_exact 1854.462891 -98.405685 152.031250;setang_exact 0.000000 170.765991 0.000000
setpos_exact 1782.031250 -108.968750 152.031250;setang_exact 0.000000 179.500122 0.000000
setpos_exact 1945.166138 -109.689445 302.730133;setang_exact 0.000000 182.136841 0.000000
setpos_exact 1782.031250 -108.968765 164.771561;setang_exact 0.000000 178.434448 0.000000
setpos_exact 1782.031250 -108.968758 188.913773;setang_exact 0.000000 177.418213 0.000000
setpos_exact 1858.487549 -108.968758 152.031250;setang_exact 0.000000 189.992065 0.000000
setpos_exact 1922.335938 -108.798935 303.447876;setang_exact 0.000000 172.523804 0.000000
setpos_exact 1782.031250 -95.155983 152.494186;setang_exact 0.000000 180.494385 0.000000
setpos_exact 1820.991455 -90.380318 152.031250;setang_exact 0.000000 172.963257 0.000000
setpos_exact 1867.247559 -93.918236 189.566101;setang_exact 0.000000 171.014404 0.000000
setpos_exact 1782.031250 -97.307823 198.749634;setang_exact 0.000000 177.857666 0.000000
setpos_exact 1862.684204 -83.105324 181.693176;setang_exact 0.000000 184.795532 0.000000
setpos_exact 1862.684204 -83.105324 152.031250;setang_exact 0.000000 184.795532 0.000000
setpos_exact 1808.715210 -108.968750 152.031250;setang_exact 0.000000 181.049194 0.000000
setpos_exact 1778.030029 -105.797348 304.031250;setang_exact 0.000000 179.060669 0.000000
setpos_exact 1778.026123 -106.227821 304.031250;setang_exact 0.000000 180.406494 0.000000
setpos_exact 1782.031250 -101.207703 229.103790;setang_exact 0.000000 179.203491 0.000000
setpos_exact 1782.031250 -108.968750 152.031250;setang_exact 0.000000 176.753540 0.000000
setpos_exact 1782.002441 -108.968750 152.031250;setang_exact 0.000000 177.632446 0.000000
setpos_exact 1779.381714 -108.968758 173.573654;setang_exact 0.000000 176.660156 0.000000
setpos_exact 1782.031250 -102.748787 222.712173;setang_exact 0.000000 178.048523 0.000000
setpos_exact 1913.604492 -108.968758 283.271179;setang_exact 0.000000 171.529541 0.000000
setpos_exact 1782.001953 -105.796463 199.147995;setang_exact 0.000000 172.084351 0.000000
setpos_exact 1776.916748 -101.851036 342.031250;setang_exact 0.000000 172.221680 0.000000
setpos_exact 1801.938110 -97.659744 152.031250;setang_exact 0.000000 174.995728 0.000000
setpos_exact 1782.031250 -92.900826 232.078018;setang_exact 0.000000 176.797485 0.000000
setpos_exact 1801.930054 -100.691574 152.031250;setang_exact 0.000000 178.461914 0.000000
setpos_exact 1775.545044 -98.862274 342.031250;setang_exact 0.000000 177.907104 0.000000
setpos_exact 1822.108276 -100.815720 152.031250;setang_exact 0.000000 172.595215 0.000000
setpos_exact 1917.726074 -106.194443 323.350159;setang_exact 0.000000 173.380737 0.000000
setpos_exact 1778.031250 -93.186432 304.031250;setang_exact 0.000000 183.828735 0.000000
setpos_exact 1847.854858 -98.513290 152.031250;setang_exact 0.000000 170.744019 0.000000
setpos_exact 1782.031250 -108.968758 211.651642;setang_exact 0.000000 176.034607 0.000000
setpos_exact 1940.003784 -103.870407 340.932373;setang_exact 0.000000 169.546509 0.000000
setpos_exact 1810.768066 -97.589935 152.031250;setang_exact 0.000000 172.919312 0.000000
setpos_exact 1818.879272 -92.262894 152.031250;setang_exact 0.000000 174.647247 0.000000
setpos_exact 1782.031250 -99.814407 255.204025;setang_exact 0.000000 178.530930 0.000000
setpos_exact 1782.031250 -102.518837 240.880981;setang_exact 0.000000 175.157211 0.000000
setpos_exact 2056.415039 -153.250809 256.031250;setang_exact 0.000000 163.306274 0.000000
setpos_exact 2046.800293 -139.956680 292.031250;setang_exact 0.000000 161.416626 0.000000
setpos_exact 1817.095581 -108.968758 152.031250;setang_exact 0.000000 171.990967 0.000000
setpos_exact 1782.015015 -108.968750 152.031250;setang_exact 0.000000 181.746826 0.000000
setpos_exact 1803.928955 -102.174431 152.031250;setang_exact 0.000000 174.116821 0.000000
setpos_exact 2039.230347 -143.565399 292.031250;setang_exact 0.000000 179.340820 0.000000
setpos_exact 1816.312256 -108.968758 152.031250;setang_exact 0.000000 176.748047 0.000000
setpos_exact 2032.051392 -143.048630 292.031250;setang_exact 0.000000 177.396240 0.000000
setpos_exact 1775.292847 -108.472382 342.031250;setang_exact 0.000000 178.412476 0.000000
setpos_exact 1793.274536 -100.325310 152.031250;setang_exact 0.000000 174.995728 0.000000
setpos_exact 1770.119995 -102.845947 342.031250;setang_exact 0.000000 182.856445 0.000000
setpos_exact 1933.472046 -108.964836 341.477356;setang_exact 0.000000 173.930054 0.000000
setpos_exact 1834.585571 -105.273941 171.657455;setang_exact 0.000000 174.961548 0.000000
setpos_exact 2009.783447 -141.817825 292.031250;setang_exact 0.000000 160.350952 0.000000
setpos_exact 1778.002686 -108.932350 304.031250;setang_exact 0.000000 177.396240 0.000000
setpos_exact 1796.724731 -99.642830 152.031250;setang_exact 0.000000 173.842163 0.000000
setpos_exact 1776.127441 -101.832855 342.031250;setang_exact 0.000000 177.121582 0.000000
setpos_exact 1782.031250 -104.587204 214.683746;setang_exact 0.000000 178.997833 0.000000
setpos_exact 1778.002686 -99.146400 304.031250;setang_exact 0.000000 180.543823 0.000000
setpos_exact 1845.490601 -93.096909 167.986740;setang_exact 0.000000 166.168213 0.000000
setpos_exact 2009.843384 -137.793488 292.031250;setang_exact 0.000000 168.480835 0.000000
setpos_exact 1844.502686 -99.751595 169.074753;setang_exact 0.000000 171.990967 0.000000
setpos_exact 2007.006470 -141.272903 292.031250;setang_exact 0.000000 162.152710 0.000000
setpos_exact 1778.002686 -98.695969 304.031250;setang_exact 0.000000 178.461914 0.000000
setpos_exact 1947.821289 -110.574059 301.442749;setang_exact 0.000000 175.213623 0.000000
setpos_exact 1949.960938 -111.287552 345.716614;setang_exact 0.000000 170.728928 0.000000
setpos_exact 1756.959106 -71.322136 215.815552;setang_exact 0.000000 176.566772 0.000000
setpos_exact 2012.982910 -133.650467 292.031250;setang_exact 0.000000 166.816406 0.000000
setpos_exact 1981.411499 -126.386879 292.031250;setang_exact 0.000000 161.872559 0.000000
setpos_exact 1778.002686 -102.698944 304.031250;setang_exact 0.000000 179.615479 0.000000
setpos_exact 1782.031250 -108.968765 155.812393;setang_exact 0.000000 176.336060 0.000000
setpos_exact 1782.031250 -103.167938 189.124405;setang_exact 0.000000 176.191345 0.000000
setpos_exact 1778.002686 -99.737839 304.031250;setang_exact 0.000000 180.823975 0.000000
setpos_exact 1782.031250 -106.710762 238.739410;setang_exact 0.000000 177.209473 0.000000
setpos_exact 1776.965698 -94.097076 342.031250;setang_exact 0.000000 175.874634 0.000000
setpos_exact 1832.596069 -98.341011 152.031250;setang_exact 0.000000 171.666870 0.000000
setpos_exact 2033.882080 -143.016296 292.031250;setang_exact 0.000000 172.221680 0.000000
setpos_exact 1778.031250 -101.583733 304.031250;setang_exact 0.000000 172.084351 0.000000
setpos_exact 1782.031250 -108.980736 208.156509;setang_exact 0.000000 176.193237 0.000000
setpos_exact 1807.500854 -82.148491 152.031250;setang_exact 0.000000 167.371216 0.000000
setpos_exact 1807.847046 -86.834679 152.031250;setang_exact 0.000000 163.954468 0.000000
setpos_exact 1782.031250 -108.968765 260.379364;setang_exact 0.000000 178.044434 0.000000
setpos_exact 1803.597900 -85.205490 152.031250;setang_exact 0.000000 169.634399 0.000000
setpos_exact 1782.031250 -108.942352 216.040604;setang_exact 0.000000 175.436752 0.000000
setpos_exact 1817.291382 -91.252052 152.031250;setang_exact 0.000000 175.550537 0.000000
setpos_exact 1782.031250 -105.381401 202.060959;setang_exact 0.000000 178.570648 0.000000
setpos_exact 1813.311279 -101.113647 152.031250;setang_exact 0.000000 170.557251 0.000000
setpos_exact 1783.646851 -108.968758 294.103607;setang_exact 0.000000 180.269165 0.000000
setpos_exact 2007.607788 -143.048630 292.031250;setang_exact 0.000000 178.088379 0.000000
setpos_exact 1797.987061 -105.508942 152.031250;setang_exact 0.000000 172.177734 0.000000
setpos_exact 1807.174805 -102.743248 152.031250;setang_exact 0.000000 173.748779 0.000000
setpos_exact 1776.071411 -108.432297 152.031250;setang_exact 0.000000 182.576294 0.000000
setpos_exact 1811.782349 -106.605591 152.031250;setang_exact 0.000000 173.193970 0.000000
setpos_exact 1778.031250 -99.233582 304.031250;setang_exact 0.000000 181.466675 0.000000
setpos_exact 1782.031250 -107.830086 152.031250;setang_exact 0.000000 177.214966 0.000000
setpos_exact 1808.707397 -97.341507 152.031250;setang_exact 0.000000 173.007202 0.000000
setpos_exact 1778.050293 -106.480934 304.031250;setang_exact 0.000000 182.763062 0.000000
setpos_exact 1782.004517 -107.872856 152.031250;setang_exact 0.000000 177.258911 0.000000
setpos_exact 1804.952881 -105.177696 152.031250;setang_exact 0.000000 174.627686 0.000000
setpos_exact 1798.872437 -104.566116 152.031250;setang_exact 0.000000 179.428711 0.000000
setpos_exact 1782.022461 -108.968758 208.965790;setang_exact 0.000000 179.478149 0.000000
setpos_exact 1778.207153 -108.999992 162.802750;setang_exact 0.000000 185.718384 0.000000
setpos_exact 1812.549927 -107.425545 152.031250;setang_exact 0.000000 177.676392 0.000000
setpos_exact 1791.982056 -107.771133 152.031250;setang_exact 0.000000 177.489624 0.000000
setpos_exact 1808.472900 -100.588882 152.031250;setang_exact 0.000000 175.039673 0.000000
setpos_exact 1895.152954 -101.476540 316.993286;setang_exact 0.000000 171.242065 0.000000
setpos_exact 1801.353760 -103.455185 152.031250;setang_exact 0.000000 178.505859 0.000000
setpos_exact 1801.320801 -103.451683 152.031250;setang_exact 0.000000 178.505859 0.000000
setpos_exact 1841.115601 -104.944801 152.031250;setang_exact 0.000000 176.660156 0.000000
setpos_exact 1782.031250 -106.187042 160.027939;setang_exact 0.000000 181.422729 0.000000
setpos_exact 1852.340820 -81.032616 152.031250;setang_exact 0.000000 173.886108 0.000000
setpos_exact 1778.002686 -107.364433 304.031250;setang_exact 0.000000 179.428711 0.000000
setpos_exact 1802.811523 -101.420219 152.031250;setang_exact 0.000000 173.237915 0.000000
setpos_exact 1844.522217 -105.472008 152.031250;setang_exact 0.000000 172.177734 0.000000
setpos_exact 1778.031250 -108.968750 304.031250;setang_exact 0.000000 178.181763 0.000000
setpos_exact 1807.871826 -108.968750 152.031250;setang_exact 0.000000 171.436157 0.000000
setpos_exact 1778.024292 -95.367950 304.031250;setang_exact 0.000000 177.720337 0.000000
setpos_exact 1829.102905 -105.615913 152.031250;setang_exact 0.000000 169.403687 0.000000
setpos_exact 1778.031250 -99.482635 349.330597;setang_exact 0.000000 178.873901 0.000000
setpos_exact 1778.031250 -102.893173 304.031250;setang_exact 0.000000 180.269165 0.000000
setpos_exact 1782.031250 -102.172386 218.442978;setang_exact 0.000000 174.858398 0.000000
setpos_exact 1778.025269 -99.839394 304.031250;setang_exact 0.000000 176.934814 0.000000
setpos_exact 1782.031250 -102.424332 188.934967;setang_exact 0.000000 175.319824 0.000000
setpos_exact 1778.002686 -106.192711 304.031250;setang_exact 0.000000 178.275146 0.000000
setpos_exact 1778.031250 -94.492348 359.556641;setang_exact 0.000000 176.890869 0.000000
setpos_exact 1798.938354 -82.541069 152.031250;setang_exact 0.000000 167.327271 0.000000
setpos_exact 1815.730103 -103.953835 152.031250;setang_exact 0.000000 169.471115 0.000000
setpos_exact 1776.810913 -100.717751 342.031250;setang_exact 0.000000 177.533569 0.000000
setpos_exact 1804.612305 -93.017387 152.031250;setang_exact 0.000000 175.270386 0.000000
setpos_exact 1776.184082 -92.756325 342.031250;setang_exact 0.000000 177.072144 0.000000
setpos_exact 1828.871216 -93.951004 152.031250;setang_exact 0.000000 178.643188 0.000000
setpos_exact 1863.005127 -105.444504 152.031250;setang_exact 0.000000 174.440918 0.000000
setpos_exact 1778.014893 -97.511490 344.562897;setang_exact 0.000000 176.797485 0.000000
setpos_exact 1857.103882 -79.502892 152.031250;setang_exact 0.000000 169.359741 0.000000
setpos_exact 1782.069458 -99.190170 178.324249;setang_exact 0.000000 177.489624 0.000000
setpos_exact 1778.070679 -101.712326 304.031250;setang_exact 0.000000 179.104614 0.000000
setpos_exact 1865.598633 -108.968750 171.031250;setang_exact 0.000000 171.342773 0.000000
setpos_exact 1869.460205 -108.968750 171.031250;setang_exact 0.000000 177.214966 0.000000
setpos_exact 1856.209106 -72.055214 151.782242;setang_exact 0.000000 169.865112 0.000000
setpos_exact 2057.836914 -131.484604 292.031250;setang_exact 0.000000 161.921997 0.000000
setpos_exact 1861.339478 -108.968750 152.031250;setang_exact 0.000000 172.040405 0.000000
setpos_exact 1777.244751 -108.994644 342.031250;setang_exact 0.000000 178.549805 0.000000
setpos_exact 1865.288818 -108.968750 171.031250;setang_exact 0.000000 172.084351 0.000000
setpos_exact 1782.000488 -108.968750 152.031250;setang_exact 0.000000 178.137817 0.000000
setpos_exact 1942.023315 -108.652779 340.763000;setang_exact 0.000000 170.769058 0.000000
setpos_exact 1778.002686 -100.634857 304.031250;setang_exact 0.000000 179.197998 0.000000
setpos_exact 1779.282715 -108.875076 152.031250;setang_exact 0.000000 176.984253 0.000000
setpos_exact 1778.002808 -96.618706 304.031250;setang_exact 0.000000 176.193237 0.000000
setpos_exact 1780.940308 -108.968750 163.069794;setang_exact 0.000000 181.352936 0.000000
setpos_exact 1776.730469 -108.999992 152.031250;setang_exact 0.000000 180.038452 0.000000
setpos_exact 1782.031250 -108.968758 181.754837;setang_exact 0.000000 177.165527 0.000000
setpos_exact 1782.031250 -89.329086 176.021118;setang_exact 0.000000 174.160767 0.000000
setpos_exact 1778.031250 -104.927353 304.031250;setang_exact 0.000000 176.011963 0.000000
setpos_exact 1800.567871 -88.447914 152.031250;setang_exact 0.000000 173.886108 0.000000
setpos_exact 1817.523682 -108.968758 152.031250;setang_exact 0.000000 168.343506 0.000000
setpos_exact 1778.002686 -102.129417 304.031250;setang_exact 0.000000 179.890137 0.000000
setpos_exact 1782.031250 -108.968750 152.031250;setang_exact 0.000000 181.192017 0.000000
setpos_exact 1782.031250 -104.349449 152.031250;setang_exact 0.000000 178.000488 0.000000
setpos_exact 1782.031250 -104.375298 152.031250;setang_exact 0.000000 177.302856 0.000000
setpos_exact 1800.987671 -94.951027 152.031250;setang_exact 0.000000 176.055908 0.000000
setpos_exact 1778.002686 -108.939293 304.031250;setang_exact 0.000000 178.137817 0.000000
setpos_exact 1811.761841 -80.871223 152.031250;setang_exact 0.000000 163.905029 0.000000
setpos_exact 1802.613892 -94.166946 152.031250;setang_exact 0.000000 177.857666 0.000000
setpos_exact 2056.665039 -141.200119 292.031250;setang_exact 0.000000 165.841675 0.000000
setpos_exact 2061.632813 -141.382568 292.031250;setang_exact 0.000000 161.828613 0.000000
setpos_exact 2061.632813 -141.382568 292.031250;setang_exact 0.000000 161.828613 0.000000
setpos_exact 1782.031250 -107.529877 152.031250;setang_exact 0.000000 181.884155 0.000000
setpos_exact 1848.438477 -108.968750 152.031250;setang_exact 0.000000 176.704102 0.000000
setpos_exact 1782.031250 -104.213028 182.382828;setang_exact 0.000000 180.219727 0.000000
setpos_exact 1778.006348 -108.595406 304.031250;setang_exact 0.000000 182.807007 0.000000
setpos_exact 1782.031250 -108.968750 152.031250;setang_exact 0.000000 176.429443 0.000000
setpos_exact 1778.002686 -108.967651 304.031250;setang_exact 0.000000 179.983521 0.000000
setpos_exact 1800.721191 -94.692741 152.031250;setang_exact 0.000000 178.461914 0.000000
setpos_exact 1776.831055 -108.999756 152.031250;setang_exact 0.000000 179.478149 0.000000
setpos_exact 1778.002808 -100.808853 304.031250;setang_exact 0.000000 176.704102 0.000000
setpos_exact 1782.031250 -106.879311 174.216904;setang_exact 0.000000 178.505859 0.000000
setpos_exact 1798.002319 -98.683548 152.031250;setang_exact 0.000000 178.181763 0.000000
setpos_exact 1798.453125 -94.801369 152.031250;setang_exact 0.000000 177.626953 0.000000
setpos_exact 1778.002686 -108.954559 304.031250;setang_exact 0.000000 179.522095 0.000000
setpos_exact 1782.031250 -108.996277 187.510925;setang_exact 0.000000 182.198441 0.000000
setpos_exact 1803.297119 -89.573105 152.031250;setang_exact 0.000000 173.056641 0.000000
setpos_exact 1782.031250 -108.987427 197.889786;setang_exact 0.000000 179.428711 0.000000
setpos_exact 1805.570190 -108.968758 298.637939;setang_exact 0.000000 178.967285 0.000000
setpos_exact 1958.094482 -122.731094 292.031250;setang_exact 0.000000 163.954468 0.000000
setpos_exact 1826.468018 -101.075081 167.877991;setang_exact 0.000000 174.671631 0.000000
setpos_exact 2029.309814 -141.019531 292.031250;setang_exact 0.000000 164.072784 0.000000
setpos_exact 2053.698730 -141.293488 292.031250;setang_exact 0.000000 162.383423 0.000000
setpos_exact 1779.618896 -108.999512 153.220398;setang_exact 0.000000 179.247437 0.000000
setpos_exact 1800.898438 -100.121078 152.031250;setang_exact 0.000000 178.137817 0.000000
setpos_exact 1812.648560 -96.197853 152.031250;setang_exact 0.000000 172.732544 0.000000
setpos_exact 1778.002808 -108.999702 304.031250;setang_exact 0.000000 182.576294 0.000000
setpos_exact 1778.031250 -108.515526 304.031250;setang_exact 0.000000 181.697388 0.000000
setpos_exact 1938.391235 -108.968758 310.347809;setang_exact 0.000000 171.760254 0.000000
setpos_exact 1782.031250 -108.968758 188.008377;setang_exact 0.000000 174.715576 0.000000
setpos_exact 1782.031250 -108.968758 152.031250;setang_exact 0.000000 174.715576 0.000000
setpos_exact 1788.802002 -94.398537 152.031250;setang_exact 0.000000 168.475342 0.000000
setpos_exact 1936.952393 -98.291336 330.909424;setang_exact 0.000000 168.706055 0.000000
setpos_exact 1778.002686 -106.907539 304.031250;setang_exact 0.000000 178.917847 0.000000
setpos_exact 1778.002686 -96.755432 304.031250;setang_exact 0.000000 179.703369 0.000000
setpos_exact 1778.002930 -104.217178 304.031250;setang_exact 0.000000 186.965332 0.000000
setpos_exact 1790.350342 -106.515022 152.031250;setang_exact 0.000000 171.617432 0.000000
setpos_exact 1939.317627 -107.739571 329.771515;setang_exact 0.000000 169.815674 0.000000
setpos_exact 1817.056885 -95.060867 164.371506;setang_exact 0.000000 166.354980 0.000000
setpos_exact 2006.791138 -141.260498 292.031250;setang_exact 0.000000 160.625610 0.000000
setpos_exact 1778.002686 -107.259750 304.031250;setang_exact 0.000000 180.631714 0.000000
setpos_exact 1782.031250 -108.999382 193.660324;setang_exact 0.000000 181.510620 0.000000
setpos_exact 1790.669189 -96.123138 152.031250;setang_exact 0.000000 174.946289 0.000000
setpos_exact 1919.833984 -108.968758 313.381165;setang_exact 0.000000 174.715576 0.000000
setpos_exact 1802.799683 -102.997078 152.031250;setang_exact 0.000000 174.808960 0.000000
setpos_exact 1792.780273 -100.518738 152.031250;setang_exact 0.000000 172.309570 0.000000
setpos_exact 2045.757080 -143.404739 292.031250;setang_exact 0.000000 170.051880 0.000000
setpos_exact 2046.336426 -143.395248 292.031250;setang_exact 0.000000 170.051880 0.000000
setpos_exact 1778.002808 -108.999748 304.031250;setang_exact 0.000000 182.620239 0.000000
setpos_exact 1778.002686 -108.999924 304.031250;setang_exact 0.000000 181.142578 0.000000
setpos_exact 1803.062622 -87.860054 152.031250;setang_exact 0.000000 174.759521 0.000000
setpos_exact 1798.645630 -108.991455 152.031250;setang_exact 0.000000 176.380005 0.000000
setpos_exact 1779.661499 -108.996605 154.312729;setang_exact 0.000000 185.394287 0.000000
setpos_exact 1777.241577 -108.999016 152.031250;setang_exact 0.000000 182.944336 0.000000
setpos_exact 1833.989136 -42.812725 128.198166;setang_exact 0.000000 154.297485 0.000000
setpos_exact 1948.931396 -96.568497 216.031250;setang_exact 0.000000 154.341431 0.000000
setpos_exact 1776.531494 -108.999977 152.031250;setang_exact 0.000000 194.172363 0.000000
setpos_exact 1777.928833 -108.998535 152.031250;setang_exact 0.000000 186.871948 0.000000
setpos_exact 1779.379272 -108.998726 152.031250;setang_exact 0.000000 186.915894 0.000000
setpos_exact 1805.920776 -108.968758 152.031250;setang_exact 0.000000 184.746094 0.000000
setpos_exact 1782.031250 -108.996643 152.031250;setang_exact 0.000000 184.147339 0.000000
setpos_exact 1782.031250 -108.995987 152.031250;setang_exact 0.000000 185.020752 0.000000
setpos_exact 1776.671265 -108.999924 152.031250;setang_exact 0.000000 187.009277 0.000000
setpos_exact 1791.699585 -108.968750 152.031250;setang_exact 0.000000 182.757568 0.000000
setpos_exact 1782.031250 -108.995262 152.031250;setang_exact 0.000000 185.026245 0.000000
setpos_exact 1782.031250 -107.695648 152.031250;setang_exact 0.000000 177.626953 0.000000
setpos_exact 1799.203369 -97.832649 152.031250;setang_exact 0.000000 172.309570 0.000000
setpos_exact 1778.002808 -106.966881 304.031250;setang_exact 0.000000 177.116089 0.000000
setpos_exact 1778.002808 -106.949348 304.031250;setang_exact 0.000000 177.116089 0.000000
setpos_exact 1778.002686 -99.529427 304.031250;setang_exact 0.000000 180.153809 0.000000
setpos_exact 1952.932861 -118.307838 292.031250;setang_exact 0.000000 172.287598 0.000000
setpos_exact 1942.196167 -101.830696 319.770325;setang_exact 0.000000 170.348511 0.000000
setpos_exact 1924.248535 -104.856476 341.717224;setang_exact 0.000000 169.826660 0.000000
setpos_exact 1780.779053 -108.968758 152.239838;setang_exact 0.000000 177.648926 0.000000
setpos_exact 1777.513916 -108.996429 152.018372;setang_exact 0.000000 181.213989 0.000000
setpos_exact 1775.895630 -105.494629 342.031250;setang_exact 0.000000 177.374268 0.000000
setpos_exact 1769.761597 -102.273155 342.031250;setang_exact 0.000000 177.187500 0.000000
setpos_exact 1776.906982 -108.999908 152.031250;setang_exact 0.000000 183.103638 0.000000
setpos_exact 1838.631958 -105.028145 152.031250;setang_exact 0.000000 174.786987 0.000000
setpos_exact 1778.002808 -108.999672 304.031250;setang_exact 0.000000 185.509644 0.000000
setpos_exact 1820.791260 -96.283630 152.031250;setang_exact 0.000000 168.733521 0.000000
setpos_exact 1914.057495 -105.922691 332.616394;setang_exact 0.000000 169.063110 0.000000
setpos_exact 1883.579956 -101.329773 300.831818;setang_exact 0.000000 171.187134 0.000000
setpos_exact 2013.552734 -146.103500 292.031250;setang_exact 0.000000 170.117798 0.000000
setpos_exact 2025.729614 -142.351379 292.031250;setang_exact 0.000000 170.117798 0.000000
setpos_exact 2025.729614 -142.351379 292.031250;setang_exact 0.000000 170.117798 0.000000
setpos_exact 1858.089600 -108.968750 152.031250;setang_exact 0.000000 171.458130 0.000000
setpos_exact 2025.729614 -142.351379 292.031250;setang_exact 0.000000 171.458130 0.000000
setpos_exact 2025.729614 -142.351379 292.031250;setang_exact 0.000000 171.458130 0.000000
setpos_exact 1852.432007 -62.086361 128.031250;setang_exact 0.000000 165.684814 0.000000
setpos_exact 2024.598267 -129.155899 292.031250;setang_exact 0.000000 165.404663 0.000000
setpos_exact 1856.537964 -102.033760 152.031250;setang_exact 0.000000 166.558228 0.000000
setpos_exact 1776.246460 -108.700005 152.031250;setang_exact 0.000000 177.604980 0.000000
setpos_exact 1778.002686 -108.990067 304.031250;setang_exact 0.000000 180.285645 0.000000
setpos_exact 1782.031250 -108.995613 152.031250;setang_exact 0.000000 184.817505 0.000000
setpos_exact 1782.031250 -108.968750 152.031250;setang_exact 0.000000 178.016968 0.000000
setpos_exact 1782.031250 -108.996735 152.031250;setang_exact 0.000000 181.719360 0.000000
setpos_exact 1782.031250 -108.968750 152.031250;setang_exact 0.000000 180.379028 0.000000
setpos_exact 1782.031250 -108.968758 160.266113;setang_exact 0.000000 179.912109 0.000000
setpos_exact 432.000000 3576.000000 160.031250;setang_exact 0.000000 315.000000 0.000000
setpos_exact 1953.243774 -134.710892 292.031250;setang_exact 0.000000 191.052246 0.000000
setpos_exact 1751.275024 -108.968758 130.795761;setang_exact 0.000000 178.846436 0.000000
setpos_exact 1782.007935 -108.968750 152.031250;setang_exact 0.000000 94.359131 0.000000
setpos_exact 1858.878784 -108.968758 202.424072;setang_exact 0.000000 176.632690 0.000000
setpos_exact 1782.031250 -107.207817 153.956039;setang_exact 0.000000 179.807739 0.000000
setpos_exact 1782.031250 -103.245720 152.031250;setang_exact 0.000000 178.423462 0.000000
setpos_exact 1782.031250 -108.968758 164.535263;setang_exact 0.000000 177.127075 0.000000
setpos_exact 1782.031250 -108.968758 175.382935;setang_exact 0.000000 183.554077 0.000000
setpos_exact 1832.178589 -105.809395 152.031250;setang_exact 0.000000 183.136597 0.000000
setpos_exact 1782.000366 -108.968750 152.031250;setang_exact 0.000000 175.649414 0.000000
setpos_exact 1782.031250 -108.399551 161.601898;setang_exact 0.000000 176.160278 0.000000
setpos_exact 1782.031250 -108.968758 215.815598;setang_exact 0.000000 174.358521 0.000000
setpos_exact 1778.031250 -108.122070 304.031250;setang_exact 0.000000 179.346313 0.000000
setpos_exact 1914.485718 -108.968758 289.525085;setang_exact 0.000000 183.092651 0.000000
setpos_exact 1856.298340 -99.462448 170.049377;setang_exact 0.000000 175.468140 0.000000
setpos_exact 1993.648926 -124.132286 292.031250;setang_exact 0.000000 204.106003 0.000000
setpos_exact 1782.031250 -108.968765 179.852402;setang_exact 0.000000 175.698853 0.000000
setpos_exact 1824.928711 -86.116005 152.031250;setang_exact 0.000000 172.001953 0.000000
setpos_exact 1978.706543 -147.031250 256.031250;setang_exact 0.000000 185.317383 0.000000
setpos_exact 1881.585571 -101.919312 173.902939;setang_exact 0.000000 169.326782 0.000000
setpos_exact 2024.798584 -147.016479 256.031250;setang_exact 0.000000 199.283081 0.000000
setpos_exact 1782.031250 -108.981453 182.382828;setang_exact 0.000000 175.468140 0.000000
setpos_exact 1940.810547 -108.968758 265.317047;setang_exact 0.000000 174.732056 0.000000
setpos_exact 1782.031250 -108.968765 187.635300;setang_exact 0.000000 176.577759 0.000000
setpos_exact 1782.031250 -108.968765 207.108475;setang_exact 0.000000 173.002579 0.000000
setpos_exact 1782.031250 -108.871384 207.574951;setang_exact 0.000000 176.160278 0.000000
setpos_exact 1782.031250 -104.695114 230.277390;setang_exact 0.000000 179.860153 0.000000
setpos_exact 1782.031250 -108.968758 227.062073;setang_exact 0.000000 177.623108 0.000000
setpos_exact 1782.031250 -108.968765 218.057220;setang_exact 0.000000 176.764526 0.000000
setpos_exact 1937.420532 -108.972313 341.128143;setang_exact 0.000000 175.663864 0.000000
setpos_exact 1782.031250 -108.968758 243.958435;setang_exact 0.000000 179.875458 0.000000
setpos_exact 1905.728149 -108.030441 319.980194;setang_exact 0.000000 180.384521 0.000000
setpos_exact 1823.117920 -107.128342 152.031250;setang_exact 0.000000 175.468140 0.000000
setpos_exact 1782.031250 -108.968758 223.368958;setang_exact 0.000000 179.165039 0.000000
setpos_exact 1782.068115 -108.968758 212.556213;setang_exact 0.000000 180.648193 0.000000
setpos_exact 1878.207642 -106.389000 234.283707;setang_exact 0.000000 175.979004 0.000000
setpos_exact 1782.031250 -105.514297 255.694336;setang_exact 0.000000 181.016479 0.000000
setpos_exact 1924.172607 -108.968758 310.020325;setang_exact 0.000000 167.706299 0.000000
setpos_exact 1564.817871 -99.500778 342.031250;setang_exact 0.000000 178.417969 0.000000
setpos_exact 1928.750244 -108.968758 340.650360;setang_exact 0.000000 173.302002 0.000000
setpos_exact 1899.996826 -98.743629 335.575348;setang_exact 0.000000 169.509888 0.000000
setpos_exact 2015.084961 -138.374741 292.031250;setang_exact 0.000000 172.001953 0.000000
setpos_exact 1790.582153 -104.113670 152.031250;setang_exact 0.000000 174.122314 0.000000
setpos_exact 1776.517090 -108.315941 342.031250;setang_exact 0.000000 175.973511 0.000000
setpos_exact 1902.621338 -102.908371 343.074036;setang_exact 0.000000 167.834473 0.000000
setpos_exact 2014.090820 -141.790421 292.031250;setang_exact 0.000000 173.342285 0.000000
setpos_exact 1793.770020 -102.368729 152.031250;setang_exact 0.000000 173.847656 0.000000
setpos_exact 1838.742554 -56.138226 128.082031;setang_exact 0.000000 163.822632 0.000000
setpos_exact 1776.274780 -108.968750 152.031250;setang_exact 0.000000 174.633179 0.000000
setpos_exact 1777.631714 -102.672066 154.498535;setang_exact 0.000000 176.621704 0.000000
setpos_exact 1443.198730 -93.168182 289.202057;setang_exact 0.000000 93.735352 0.000000
setpos_exact 1776.729980 -108.343697 152.031250;setang_exact 0.000000 174.748093 0.000000
setpos_exact 1800.459961 -93.945251 152.031250;setang_exact 0.000000 166.806351 0.000000
setpos_exact 1780.801758 -108.999451 154.770050;setang_exact 0.000000 177.956543 0.000000
setpos_exact 1910.603638 -108.968758 230.541611;setang_exact 0.000000 167.694061 0.000000
setpos_exact 2014.673706 -142.674545 292.031250;setang_exact 0.000000 173.248901 0.000000
setpos_exact 1778.002686 -108.983742 304.031250;setang_exact 0.000000 180.505371 0.000000
setpos_exact 1778.002686 -106.716499 304.031250;setang_exact 0.000000 179.620972 0.000000
setpos_exact 1782.031250 -108.968758 187.699081;setang_exact 0.000000 174.171753 0.000000
setpos_exact 1810.680054 -88.471954 152.031250;setang_exact 0.000000 167.519531 0.000000
setpos_exact 2013.833862 -141.123886 292.031250;setang_exact 0.000000 166.871338 0.000000
setpos_exact 1794.064941 -91.005905 152.031250;setang_exact 0.000000 169.920044 0.000000
setpos_exact 1892.699707 -105.702919 198.031250;setang_exact 0.000000 165.162964 0.000000
setpos_exact 1924.115723 -108.997437 319.953918;setang_exact 0.000000 171.088257 0.000000
setpos_exact 1804.574463 -108.968750 152.031250;setang_exact 0.000000 164.053345 0.000000
setpos_exact 1782.031250 -108.968758 237.196045;setang_exact 0.000000 178.698120 0.000000
setpos_exact 1931.366699 -107.153404 209.615295;setang_exact 0.000000 173.798218 0.000000
setpos_exact 1812.233032 -93.462128 152.031250;setang_exact 0.000000 168.579712 0.000000
setpos_exact 2012.869507 -141.400024 292.031250;setang_exact 0.000000 165.069580 0.000000
setpos_exact 1798.611450 -94.880035 152.031250;setang_exact 0.000000 169.090576 0.000000
setpos_exact 2027.849121 -142.635742 292.031250;setang_exact 0.000000 172.924805 0.000000
setpos_exact 1811.849243 -96.988968 152.031250;setang_exact 0.000000 169.552002 0.000000
setpos_exact 1795.748779 -100.927490 152.031250;setang_exact 0.000000 174.633179 0.000000
setpos_exact 1782.245483 -108.968758 161.499969;setang_exact 0.000000 179.439697 0.000000
setpos_exact 1817.129883 -108.968750 152.031250;setang_exact 0.000000 180.087891 0.000000
setpos_exact 1948.169678 -110.705818 288.655731;setang_exact 0.000000 181.880493 0.000000
setpos_exact 1803.772583 -108.968758 152.031250;setang_exact 0.000000 182.400513 0.000000
setpos_exact 1778.006348 -108.999489 304.031250;setang_exact 0.000000 182.768555 0.000000
setpos_exact 1812.007202 -101.699509 152.031250;setang_exact 0.000000 171.260376 0.000000
setpos_exact 1931.646362 -108.968758 327.161072;setang_exact 0.000000 170.057373 0.000000
setpos_exact 1926.232788 -108.003387 335.839813;setang_exact 0.000000 169.414673 0.000000
setpos_exact 1769.383301 -108.999695 347.805450;setang_exact 0.000000 176.665649 0.000000
setpos_exact 1781.167480 -108.999176 178.578583;setang_exact 0.000000 177.490814 0.000000
setpos_exact 1776.250122 -107.989891 152.031250;setang_exact 0.000000 179.022217 0.000000
setpos_exact 1780.994507 -108.996460 166.910843;setang_exact 0.000000 181.060181 0.000000
setpos_exact 1915.388306 -108.968758 220.945374;setang_exact 0.000000 173.292847 0.000000
setpos_exact 1832.982910 -108.972679 152.031250;setang_exact 0.000000 169.876099 0.000000
setpos_exact 1961.071899 -112.505936 272.315857;setang_exact 0.000000 157.214355 0.000000
setpos_exact 1825.926270 -102.814903 152.031250;setang_exact 0.000000 172.551270 0.000000
setpos_exact 1976.908569 2234.423828 259.521240;setang_exact 0.000000 179.851685 0.000000
setpos_exact 1973.521606 2241.834229 259.521240;setang_exact 0.000000 177.753296 0.000000
setpos_exact 1971.906738 2242.650391 259.521240;setang_exact 0.000000 178.170776 0.000000
setpos_exact 2002.466553 2230.163574 162.070618;setang_exact 0.000000 178.308105 0.000000
setpos_exact 2002.466675 2230.031250 162.267303;setang_exact 0.000000 176.462402 0.000000
setpos_exact 2002.466553 2233.374512 145.760529;setang_exact 0.000000 174.523315 0.000000
setpos_exact 2002.466675 2230.131104 151.607269;setang_exact 0.000000 175.352783 0.000000
setpos_exact 1974.737305 2233.156006 259.521240;setang_exact 0.000000 182.290649 0.000000
setpos_exact 1964.194824 2239.522461 259.521240;setang_exact 0.000000 182.103882 0.000000
setpos_exact 1969.497437 2230.865479 259.521240;setang_exact 0.000000 183.026733 0.000000
setpos_exact 1970.905396 2230.000244 259.521240;setang_exact 0.000000 182.290649 0.000000
setpos_exact 1966.103394 2234.940430 259.521240;setang_exact 0.000000 182.521362 0.000000
setpos_exact 1972.393311 2230.000977 259.521240;setang_exact 0.000000 185.152588 0.000000
setpos_exact 2002.466675 2230.031250 157.907471;setang_exact 0.000000 183.861694 0.000000
setpos_exact 1972.482910 2230.000977 259.521240;setang_exact 0.000000 183.257446 0.000000
setpos_exact 1969.250366 2236.721191 259.521240;setang_exact 0.000000 184.877930 0.000000
setpos_exact 1978.611084 2235.189941 259.521240;setang_exact 0.000000 180.302124 0.000000
setpos_exact 1994.547729 2230.074707 136.031250;setang_exact 0.000000 184.229736 0.000000
setpos_exact 1975.608887 2237.763916 259.521240;setang_exact 0.000000 182.384033 0.000000
setpos_exact 1979.611572 2230.089111 259.521240;setang_exact 0.000000 183.213501 0.000000
setpos_exact 1974.247437 2230.000732 259.521240;setang_exact 0.000000 183.630981 0.000000
setpos_exact 1981.213623 2240.383057 259.521240;setang_exact 0.000000 178.956299 0.000000
setpos_exact 1980.755493 2238.428467 259.521240;setang_exact 0.000000 183.718872 0.000000
setpos_exact 2267.891602 2178.452393 167.575531;setang_exact 0.000000 103.513184 0.000000
setpos_exact 1971.785645 2243.849365 259.521240;setang_exact 0.000000 176.599731 0.000000
setpos_exact 2258.000244 2183.535400 168.696533;setang_exact 0.000000 118.127441 0.000000
setpos_exact 2258.005859 2211.582031 128.031250;setang_exact 0.000000 158.216553 0.000000
setpos_exact 2258.007080 2216.292725 208.183258;setang_exact 0.000000 104.990845 0.000000
setpos_exact 2242.635254 2256.685547 128.031250;setang_exact 0.000000 206.861572 0.000000
setpos_exact 2233.676758 2244.596680 128.031250;setang_exact 0.000000 186.171875 0.000000
setpos_exact 2256.090332 2236.219482 128.031250;setang_exact 0.000000 172.125854 0.000000
setpos_exact 2236.997314 2244.342773 128.031250;setang_exact 0.000000 185.633545 0.000000
setpos_exact 2236.404297 2230.009277 206.031250;setang_exact 0.000000 192.334595 0.000000
setpos_exact 2235.577148 2244.449951 128.031250;setang_exact 0.000000 206.600342 0.000000
setpos_exact 2222.280273 2245.475098 128.031250;setang_exact 0.000000 196.047974 0.000000
setpos_exact 2271.209473 2240.028564 128.031250;setang_exact 0.000000 182.365112 0.000000
setpos_exact 2258.012207 2211.413086 128.031250;setang_exact 0.000000 136.737671 0.000000
setpos_exact 2272.045654 2251.324219 128.031250;setang_exact 0.000000 182.534180 0.000000
setpos_exact 2257.944580 2230.289551 128.031250;setang_exact 0.000000 183.298340 0.000000
setpos_exact 147.019272 2658.856201 283.893250;setang_exact 0.000000 204.884033 0.000000
setpos_exact 147.014618 2660.624023 283.893250;setang_exact 0.000000 198.923950 0.000000
setpos_exact 160.020691 2677.221924 160.031250;setang_exact 0.000000 199.204102 0.000000
setpos_exact 189.124451 2693.644531 184.164948;setang_exact 0.000000 197.352905 0.000000
setpos_exact 170.252106 2682.601318 160.031250;setang_exact 0.000000 195.045776 0.000000
setpos_exact 210.968750 2684.511475 160.031250;setang_exact 0.000000 196.984863 0.000000
setpos_exact 209.256256 2684.457031 160.031250;setang_exact 0.000000 200.401611 0.000000
setpos_exact 396.677765 2826.105225 203.158203;setang_exact 0.000000 224.840698 0.000000
setpos_exact 151.031250 2632.969727 160.031250;setang_exact 0.000000 202.346191 0.000000
setpos_exact 192.032242 2685.936523 160.031250;setang_exact 0.000000 201.879272 0.000000
setpos_exact 381.686920 2538.031250 160.031250;setang_exact 0.000000 270.444946 0.000000
setpos_exact 365.582428 2600.957275 189.031250;setang_exact 0.000000 274.218750 0.000000
setpos_exact 366.885162 2602.834961 189.031250;setang_exact 0.000000 271.400757 0.000000
setpos_exact 391.414612 2609.278564 189.031250;setang_exact 0.000000 272.839874 0.000000
setpos_exact 370.199707 2597.122070 189.031250;setang_exact 0.000000 271.724854 0.000000
setpos_exact 382.148193 2537.829102 160.031250;setang_exact 0.000000 274.268188 0.000000
setpos_exact 361.524994 2596.347412 189.031250;setang_exact 0.000000 272.142334 0.000000
setpos_exact 361.133148 2611.833496 189.031250;setang_exact 0.000000 270.620728 0.000000
setpos_exact 378.830627 2538.031250 161.467560;setang_exact 0.000000 270.571289 0.000000
setpos_exact 330.681183 2810.326172 242.031250;setang_exact 0.000000 292.098999 0.000000
setpos_exact 333.492462 2807.031250 242.031250;setang_exact 0.000000 288.407593 0.000000
setpos_exact 350.310059 2601.091553 189.031250;setang_exact 0.000000 272.422485 0.000000
setpos_exact 349.175507 2602.909912 189.031250;setang_exact 0.000000 276.026001 0.000000
setpos_exact 376.620667 2538.031250 160.031250;setang_exact 0.000000 275.515137 0.000000
setpos_exact 355.320404 2603.687744 189.031250;setang_exact 0.000000 275.289917 0.000000
setpos_exact 373.165497 2538.031250 186.009521;setang_exact 0.000000 269.099121 0.000000
setpos_exact 391.361359 2538.031250 160.031250;setang_exact 0.000000 271.131592 0.000000
setpos_exact 358.327545 2603.584229 189.031250;setang_exact 0.000000 276.718140 0.000000
setpos_exact 385.603821 2538.031250 160.031250;setang_exact 0.000000 276.075439 0.000000
setpos_exact 365.951599 2602.119629 189.031250;setang_exact 0.000000 273.208008 0.000000
setpos_exact 379.498352 2538.031250 160.031250;setang_exact 0.000000 271.268921 0.000000
setpos_exact 384.864960 2538.031250 160.031250;setang_exact 0.000000 272.471924 0.000000
setpos_exact 362.813232 2589.500732 183.990417;setang_exact 0.000000 274.641724 0.000000
setpos_exact 383.988953 2538.031250 162.657013;setang_exact 0.000000 279.124146 0.000000
setpos_exact 364.858490 2598.921143 189.031250;setang_exact 0.000000 270.159302 0.000000
setpos_exact 367.248230 2538.031250 172.826721;setang_exact 0.000000 271.406250 0.000000
setpos_exact 371.520538 2538.031250 198.160126;setang_exact 0.000000 269.533173 0.000000
setpos_exact 369.476257 2538.031250 173.317535;setang_exact 0.000000 270.758057 0.000000
setpos_exact 371.598724 2538.031250 193.787643;setang_exact 0.000000 270.576782 0.000000
setpos_exact 384.698425 2538.031250 160.031250;setang_exact 0.000000 275.333862 0.000000
setpos_exact 359.356750 2538.031250 168.884094;setang_exact 0.000000 273.856201 0.000000
setpos_exact 363.993805 2538.031250 161.835541;setang_exact 0.000000 272.565308 0.000000
setpos_exact 362.195862 2606.652344 189.031250;setang_exact 0.000000 276.350098 0.000000
setpos_exact 375.410431 2588.212646 175.980118;setang_exact 0.000000 268.681641 0.000000
setpos_exact 370.032410 2538.031250 164.640961;setang_exact 0.000000 268.775024 0.000000
setpos_exact 373.905670 2609.552734 189.031250;setang_exact 0.000000 279.953613 0.000000
setpos_exact 378.074951 2538.081055 160.031250;setang_exact 0.000000 271.499634 0.000000
setpos_exact 375.031982 2538.031250 192.497177;setang_exact 0.000000 274.130859 0.000000
setpos_exact 400.755157 2537.100098 189.735382;setang_exact 0.000000 267.572021 0.000000
setpos_exact 363.355804 2538.019287 160.031250;setang_exact 0.000000 270.900879 0.000000
setpos_exact 362.872375 2538.031250 183.502853;setang_exact 0.000000 268.775024 0.000000
setpos_exact 362.516357 2538.031250 161.113831;setang_exact 0.000000 271.636963 0.000000
setpos_exact 371.198853 2538.031250 160.031250;setang_exact 0.000000 270.208740 0.000000
setpos_exact 365.411072 2538.031250 178.411270;setang_exact 0.000000 271.268921 0.000000
setpos_exact 376.341431 2538.031250 201.945435;setang_exact 0.000000 274.317627 0.000000
setpos_exact 385.643188 2537.692871 168.386642;setang_exact 0.000000 265.770264 0.000000
setpos_exact 368.899963 2538.031250 160.031250;setang_exact 0.000000 274.273682 0.000000
setpos_exact 347.648926 2582.989990 175.837738;setang_exact 0.000000 268.033447 0.000000
setpos_exact 363.639923 2591.461182 183.947205;setang_exact 0.000000 270.439453 0.000000
setpos_exact 379.610565 2538.031250 160.031250;setang_exact 0.000000 274.180298 0.000000
setpos_exact 355.301056 2606.062256 189.031250;setang_exact 0.000000 271.268921 0.000000
setpos_exact 375.324921 2538.000488 164.640961;setang_exact 0.000000 272.010498 0.000000
setpos_exact 349.279236 2604.242188 189.031250;setang_exact 0.000000 274.224243 0.000000
setpos_exact 380.277954 2538.031250 175.749939;setang_exact 0.000000 271.917114 0.000000
setpos_exact 378.787903 2597.600830 178.140762;setang_exact 0.000000 268.912354 0.000000
setpos_exact 359.444550 2607.413086 189.031250;setang_exact 0.000000 269.049683 0.000000
setpos_exact 379.926361 2538.031250 165.144348;setang_exact 0.000000 268.681641 0.000000
setpos_exact 374.862427 2538.031250 160.031250;setang_exact 0.000000 271.362305 0.000000
setpos_exact 381.994904 2538.031250 160.031250;setang_exact 0.000000 269.423218 0.000000
setpos_exact 376.136078 2538.031250 160.031250;setang_exact 0.000000 272.796021 0.000000
setpos_exact 379.533722 2538.031250 160.031250;setang_exact 0.000000 271.642456 0.000000
setpos_exact 386.426483 2538.028076 159.918716;setang_exact 0.000000 267.572021 0.000000
setpos_exact 378.114166 2587.121338 183.544189;setang_exact 0.000000 262.384888 0.000000
setpos_exact 369.149261 2591.522949 185.409042;setang_exact 0.000000 266.237183 0.000000
setpos_exact 358.187775 2602.227051 189.031250;setang_exact 0.000000 273.026733 0.000000
setpos_exact 373.978943 2538.031250 159.485901;setang_exact 0.000000 272.839966 0.000000
setpos_exact 384.554871 2538.031250 160.523026;setang_exact 0.000000 270.439453 0.000000
setpos_exact 366.979492 2538.031250 160.031250;setang_exact 0.000000 267.802734 0.000000
setpos_exact 349.971588 2602.650879 189.031250;setang_exact 0.000000 280.096436 0.000000
setpos_exact 391.228149 2592.117676 163.840225;setang_exact 0.000000 266.879883 0.000000
setpos_exact 376.520050 2538.031250 160.031250;setang_exact 0.000000 264.984741 0.000000
setpos_exact 364.094788 2626.217041 189.031250;setang_exact 0.000000 267.714844 0.000000
setpos_exact 373.959717 2538.031250 169.687912;setang_exact 0.000000 268.535065 0.000000
setpos_exact 366.944733 2538.031250 163.473694;setang_exact 0.000000 266.879883 0.000000
setpos_exact 372.811707 2538.031250 165.470779;setang_exact 0.000000 270.380035 0.000000
setpos_exact 369.122131 2586.918701 183.990417;setang_exact 0.000000 267.758789 0.000000
setpos_exact 381.084656 2538.031250 160.031250;setang_exact 0.000000 265.539551 0.000000
setpos_exact 384.012329 2538.031250 177.475418;setang_exact 0.000000 270.439453 0.000000
setpos_exact 382.070770 2538.031250 194.735260;setang_exact 0.000000 268.002075 0.000000
setpos_exact 392.040924 2538.031250 163.226120;setang_exact 0.000000 266.628235 0.000000
setpos_exact 384.255280 2538.031250 160.031250;setang_exact 0.000000 267.022705 0.000000
setpos_exact 373.653046 2538.002686 160.031250;setang_exact 0.000000 274.136353 0.000000
setpos_exact 382.412079 2538.031250 160.031250;setang_exact 0.000000 271.087646 0.000000
setpos_exact 368.657562 2603.636475 189.031250;setang_exact 0.000000 271.038208 0.000000
setpos_exact 563.922119 2509.204346 291.031250;setang_exact 0.000000 143.514404 0.000000
setpos_exact 158.248810 2680.605957 160.031250;setang_exact 0.000000 192.491455 0.000000
setpos_exact 178.794662 2694.668457 177.816223;setang_exact 0.000000 201.456299 0.000000
setpos_exact 370.015625 2775.345215 273.031250;setang_exact 0.000000 205.010376 0.000000
setpos_exact 250.066788 2636.788086 160.031250;setang_exact 0.000000 171.232910 0.000000
setpos_exact 151.031250 2618.995850 160.031250;setang_exact 0.000000 191.442291 0.000000
setpos_exact 147.005188 2663.863525 283.893250;setang_exact 0.000000 203.027344 0.000000
setpos_exact 151.511047 2672.225830 160.031250;setang_exact 0.000000 206.072266 0.000000
setpos_exact 147.031250 2669.057861 283.893250;setang_exact 0.000000 198.869019 0.000000
setpos_exact 151.031250 2650.764893 160.031250;setang_exact 0.000000 199.193115 0.000000
setpos_exact 147.003723 2664.246338 283.893250;setang_exact 0.000000 195.128174 0.000000
setpos_exact 151.031250 2637.981934 160.031250;setang_exact 0.000000 190.733643 0.000000
setpos_exact 147.031250 2665.627197 283.893250;setang_exact 0.000000 198.731689 0.000000
setpos_exact 147.031250 2676.971680 283.893250;setang_exact 0.000000 193.738403 0.000000
setpos_exact 151.031235 2656.398926 176.029678;setang_exact 0.000000 193.694458 0.000000
setpos_exact 151.031235 2650.119629 187.197601;setang_exact 0.000000 196.451233 0.000000
setpos_exact 151.031235 2646.174805 180.343735;setang_exact 0.000000 193.442841 0.000000
setpos_exact 147.003937 2663.761963 283.893250;setang_exact 0.000000 196.743164 0.000000
setpos_exact 151.031235 2655.180664 216.967026;setang_exact 0.000000 197.709961 0.000000
setpos_exact 151.009933 2647.786377 160.031250;setang_exact 0.000000 197.484741 0.000000
setpos_exact 147.005447 2667.534668 283.893250;setang_exact 0.000000 198.176880 0.000000
setpos_exact 147.005447 2667.534668 283.893250;setang_exact 0.000000 220.122070 0.000000
setpos_exact 151.015823 2641.980469 160.031250;setang_exact 0.000000 196.237793 0.000000
setpos_exact 151.031250 2642.001221 160.031250;setang_exact 0.000000 191.524658 0.000000
setpos_exact 147.004517 2670.401855 283.893250;setang_exact 0.000000 199.429321 0.000000
setpos_exact 147.001373 2662.905273 283.893250;setang_exact 0.000000 196.885986 0.000000
setpos_exact 147.003754 2676.340820 283.893250;setang_exact 0.000000 195.270996 0.000000
setpos_exact 151.031235 2657.205811 160.768524;setang_exact 0.000000 192.222290 0.000000
setpos_exact 151.031250 2654.479736 160.031250;setang_exact 0.000000 193.881226 0.000000
setpos_exact 209.852753 2671.739990 162.043793;setang_exact 0.000000 197.484741 0.000000
setpos_exact 151.031235 2655.025146 165.720963;setang_exact 0.000000 191.561462 0.000000
setpos_exact 150.493118 2638.890381 160.031250;setang_exact 0.000000 189.124146 0.000000
setpos_exact 147.002701 2675.448242 283.893250;setang_exact 0.000000 190.695190 0.000000
setpos_exact 147.004166 2672.670166 283.893250;setang_exact 0.000000 197.303467 0.000000
setpos_exact 147.004105 2678.991455 283.893250;setang_exact 0.000000 195.408325 0.000000
setpos_exact 151.000885 2662.524902 175.548813;setang_exact 0.000000 189.354858 0.000000
setpos_exact 145.267120 2689.056641 160.031250;setang_exact 0.000000 194.666748 0.000000
setpos_exact 147.020294 2677.551758 283.893250;setang_exact 0.000000 197.023315 0.000000
setpos_exact 151.031235 2658.638184 181.771500;setang_exact 0.000000 197.072754 0.000000
setpos_exact 147.006546 2672.672607 283.893250;setang_exact 0.000000 195.040283 0.000000
setpos_exact 151.009399 2657.436279 170.181870;setang_exact 0.000000 192.819794 0.000000
setpos_exact 147.031250 2674.430908 283.893250;setang_exact 0.000000 194.485474 0.000000
setpos_exact 147.619186 2681.230713 176.029617;setang_exact 0.000000 198.500977 0.000000
setpos_exact 147.013062 2673.315186 283.893250;setang_exact 0.000000 193.282471 0.000000
setpos_exact 151.031235 2653.317871 195.294922;setang_exact 0.000000 196.790176 0.000000
setpos_exact 151.031235 2659.978516 194.929138;setang_exact 0.000000 192.919174 0.000000
setpos_exact 151.031250 2667.056885 160.031250;setang_exact 0.000000 200.028076 0.000000
setpos_exact 151.000595 2653.456055 160.031250;setang_exact 0.000000 198.731689 0.000000
setpos_exact 147.045456 2681.237305 201.842789;setang_exact 0.000000 202.384644 0.000000
setpos_exact 151.031235 2642.944336 165.470718;setang_exact 0.000000 195.128174 0.000000
setpos_exact 193.720276 2682.561279 179.394852;setang_exact 0.000000 196.237793 0.000000
setpos_exact 192.280045 2692.725586 184.748871;setang_exact 0.000000 201.923218 0.000000
setpos_exact 273.964752 2703.319336 249.954620;setang_exact 0.000000 231.630249 0.000000
setpos_exact 347.619080 2770.569092 273.031250;setang_exact 0.000000 229.273682 0.000000
setpos_exact 373.608002 2795.978516 273.031250;setang_exact 0.000000 229.273682 0.000000
setpos_exact 373.608002 2795.978516 273.031250;setang_exact 0.000000 229.273682 0.000000
setpos_exact 147.004837 2669.687256 283.893250;setang_exact 0.000000 311.231689 0.000000
setpos_exact 384.678558 2538.031250 161.504318;setang_exact 0.000000 267.434692 0.000000
setpos_exact 380.148071 2593.943848 188.081375;setang_exact 0.000000 272.565308 0.000000
setpos_exact 376.972321 2596.129883 188.884750;setang_exact 0.000000 271.429535 0.000000
setpos_exact 374.191040 2591.579346 186.974579;setang_exact 0.000000 265.972351 0.000000
setpos_exact 373.328796 2599.517822 189.031250;setang_exact 0.000000 274.273682 0.000000
setpos_exact 334.311157 2793.552979 273.031250;setang_exact 0.000000 293.076782 0.000000
setpos_exact 380.418427 2538.031250 160.031250;setang_exact 0.000000 268.450928 0.000000
setpos_exact 372.565979 2591.014404 187.499893;setang_exact 0.000000 274.597778 0.000000
setpos_exact 334.405579 2791.671387 273.031250;setang_exact 0.000000 293.027344 0.000000
setpos_exact 316.041656 2843.342285 195.101563;setang_exact 0.000000 289.193115 0.000000
setpos_exact 324.275238 2822.441650 200.189255;setang_exact 0.000000 283.375854 0.000000
setpos_exact 374.158478 2584.782471 179.636505;setang_exact 0.000000 274.180298 0.000000
setpos_exact 333.883362 2793.497559 273.031250;setang_exact 0.000000 280.653473 0.000000
setpos_exact 332.995453 2800.162109 273.031250;setang_exact 0.000000 292.890015 0.000000
setpos_exact 366.344513 2586.733887 183.904297;setang_exact 0.000000 265.402222 0.000000
setpos_exact 353.035889 2619.311035 189.031250;setang_exact 0.000000 269.005707 0.000000
setpos_exact 370.905426 2538.199219 159.918716;setang_exact 0.000000 268.126831 0.000000
setpos_exact 373.652618 2583.457031 179.455948;setang_exact 0.000000 271.318359 0.000000
setpos_exact 323.497192 2845.641113 199.353317;setang_exact 0.000000 290.165405 0.000000
setpos_exact 322.678802 2853.633057 164.531250;setang_exact 0.000000 288.594360 0.000000
setpos_exact 388.048859 2537.600098 160.763641;setang_exact 0.000000 264.940796 0.000000
setpos_exact 365.008911 2596.006592 189.031250;setang_exact 0.000000 264.204712 0.000000
setpos_exact 332.948364 2558.130859 202.499069;setang_exact 0.000000 259.953003 0.000000
setpos_exact 334.172424 2799.257324 273.031250;setang_exact 0.000000 290.533447 0.000000
setpos_exact 387.307190 2538.031250 185.140961;setang_exact 0.000000 261.243896 0.000000
setpos_exact 385.911774 2538.031250 218.888260;setang_exact 0.000000 261.209473 0.000000
setpos_exact 376.353943 2538.031250 243.648483;setang_exact 0.000000 264.655548 0.000000
setpos_exact 367.880219 2538.000488 160.031250;setang_exact 0.000000 258.101807 0.000000
setpos_exact 379.815643 2566.084229 160.031250;setang_exact 0.000000 265.402222 0.000000
setpos_exact 384.569946 2537.716309 166.968918;setang_exact 0.000000 269.423218 0.000000
setpos_exact 352.107666 2584.378418 182.787354;setang_exact 0.000000 261.524048 0.000000
setpos_exact 352.417511 2594.680420 188.884750;setang_exact 0.000000 266.006470 0.000000
setpos_exact 373.625153 2538.031250 159.918716;setang_exact 0.000000 269.653931 0.000000
setpos_exact 360.649078 2538.007568 201.875748;setang_exact 0.000000 262.216187 0.000000
setpos_exact 365.993958 2591.921143 188.139267;setang_exact 0.000000 264.710083 0.000000
setpos_exact 373.372833 2538.003662 183.189850;setang_exact 0.000000 265.632935 0.000000
setpos_exact 364.359406 2538.031250 221.851151;setang_exact 0.000000 264.236237 0.000000
setpos_exact 361.881348 2538.009033 172.629593;setang_exact 0.000000 266.281128 0.000000
setpos_exact 367.818024 2600.185791 189.031250;setang_exact 0.000000 269.055176 0.000000
setpos_exact 375.675415 2602.422852 189.031250;setang_exact 0.000000 268.363037 0.000000
setpos_exact 372.472504 2538.031250 183.658417;setang_exact 0.000000 261.791534 0.000000
setpos_exact 367.353760 2538.004395 201.235443;setang_exact 0.000000 266.237183 0.000000
setpos_exact 364.982819 2571.904053 160.031250;setang_exact 0.000000 269.703369 0.000000
setpos_exact 364.613831 2538.007080 187.399490;setang_exact 0.000000 266.099854 0.000000
setpos_exact 357.452698 2598.888916 189.031250;setang_exact 0.000000 266.423950 0.000000
setpos_exact 355.194244 2602.194580 189.031250;setang_exact 0.000000 269.472656 0.000000
setpos_exact 369.453491 2538.031250 192.693085;setang_exact 0.000000 269.878021 0.000000
setpos_exact 374.550934 2538.001221 167.465271;setang_exact 0.000000 267.901611 0.000000
setpos_exact 378.194794 2583.875488 178.715927;setang_exact 0.000000 267.297363 0.000000
setpos_exact 371.970764 2538.031250 199.142792;setang_exact 0.000000 265.545044 0.000000
setpos_exact 365.250946 2601.916992 189.031250;setang_exact 0.000000 265.495605 0.000000
setpos_exact 344.429474 2538.031250 160.031250;setang_exact 0.000000 269.796753 0.000000
setpos_exact 376.240143 2595.721924 188.672180;setang_exact 0.000000 272.645935 0.000000
setpos_exact 363.105499 2605.150146 189.031250;setang_exact 0.000000 268.386841 0.000000
setpos_exact 368.563568 2538.031250 172.846695;setang_exact 0.000000 262.616119 0.000000
setpos_exact 365.920074 2538.031250 179.863464;setang_exact 0.000000 265.319824 0.000000
setpos_exact 362.430573 2538.031250 203.547165;setang_exact 0.000000 270.076904 0.000000
setpos_exact 367.621155 2538.031250 204.863678;setang_exact 0.000000 264.879303 0.000000
setpos_exact 369.546539 2538.051758 195.705002;setang_exact 0.000000 267.813721 0.000000
setpos_exact 363.366943 2538.031250 190.533752;setang_exact 0.000000 272.614746 0.000000
setpos_exact 372.147583 2538.031250 185.511032;setang_exact 0.000000 269.335327 0.000000
setpos_exact 372.758179 2538.083740 182.850067;setang_exact 0.000000 267.897980 0.000000
setpos_exact 366.320801 2538.450439 176.217361;setang_exact 0.000000 264.072876 0.000000
setpos_exact 351.227081 2584.979980 180.570328;setang_exact 0.000000 269.011230 0.000000
setpos_exact 366.440704 2607.077148 189.031250;setang_exact 0.000000 266.854858 0.000000
setpos_exact 365.276520 2720.990479 200.189255;setang_exact 0.000000 98.723145 0.000000
setpos_exact 364.671539 2720.997314 200.189255;setang_exact 0.000000 94.707642 0.000000
setpos_exact 352.277740 2742.853027 273.031250;setang_exact 0.000000 93.411255 0.000000
setpos_exact 390.190277 2731.145020 200.189255;setang_exact 0.000000 127.562256 0.000000
setpos_exact 402.831329 2729.786133 174.816605;setang_exact 0.000000 124.233398 0.000000
setpos_exact 397.123322 2738.076660 200.189270;setang_exact 0.000000 127.375488 0.000000
setpos_exact 399.016235 2746.181152 200.286499;setang_exact 0.000000 136.096802 0.000000
setpos_exact 384.170959 2745.420898 273.031250;setang_exact 0.000000 131.533813 0.000000
setpos_exact 370.398163 2754.962158 273.031250;setang_exact 0.000000 39.417114 0.000000
setpos_exact 385.482910 2726.476318 200.189255;setang_exact 0.000000 134.165039 0.000000
setpos_exact 392.581329 2733.536865 200.189255;setang_exact 0.000000 130.935059 0.000000
setpos_exact 384.248108 2725.236572 200.189255;setang_exact 0.000000 129.364014 0.000000
setpos_exact 385.004272 2725.996582 200.189255;setang_exact 0.000000 124.189453 0.000000
setpos_exact 392.183563 2733.136719 200.189255;setang_exact 0.000000 122.568970 0.000000
setpos_exact 390.337677 2719.676758 200.189255;setang_exact 0.000000 124.557495 0.000000
setpos_exact 1283.735229 2872.916504 127.448174;setang_exact 0.000000 220.067139 0.000000
setpos_exact 1019.008484 2747.197754 127.383453;setang_exact 0.000000 229.174805 0.000000
setpos_exact 899.136841 2690.944336 132.592941;setang_exact 0.000000 251.026611 0.000000
setpos_exact 78.206062 2535.659424 160.031250;setang_exact 0.000000 1.917114 0.000000
setpos_exact 77.227669 2534.489258 160.031250;setang_exact 0.000000 1.406250 0.000000
setpos_exact 78.111832 2534.805908 160.031250;setang_exact 0.000000 1.455688 0.000000
setpos_exact 77.519791 2548.511719 160.031250;setang_exact 0.000000 1.406250 0.000000
setpos_exact 78.063095 2540.811035 160.031250;setang_exact 0.000000 4.136353 0.000000
setpos_exact 78.013344 2534.829346 160.031250;setang_exact 0.000000 1.779785 0.000000
setpos_exact 78.709625 2534.865723 160.031250;setang_exact 0.000000 4.081421 0.000000
setpos_exact 77.557022 2548.292480 160.031250;setang_exact 0.000000 1.219482 0.000000
setpos_exact 336.354858 2444.000244 160.031250;setang_exact 0.000000 90.104370 0.000000
setpos_exact 325.167114 2444.000244 160.031250;setang_exact 0.000000 94.141846 0.000000
setpos_exact 322.699890 2444.000732 160.031250;setang_exact 0.000000 92.054443 0.000000
setpos_exact 329.595551 2444.041992 160.031250;setang_exact 0.000000 89.791260 0.000000
setpos_exact 322.829437 2444.000488 160.031250;setang_exact 0.000000 93.482666 0.000000
setpos_exact 331.355194 2444.031250 160.031250;setang_exact 0.000000 90.527344 0.000000
setpos_exact 329.604889 2444.000977 160.031250;setang_exact 0.000000 92.191772 0.000000
setpos_exact 333.963501 2444.000977 169.480469;setang_exact 0.000000 90.851440 0.000000
setpos_exact 339.108093 2444.005859 160.031250;setang_exact 0.000000 87.434692 0.000000
setpos_exact 339.993408 2444.031250 160.031250;setang_exact 0.000000 31.019897 0.000000
setpos_exact -1818.951050 -507.724121 -163.299576;setang_exact 0.000000 78.107300 0.000000
setpos_exact -1801.441284 -519.210205 -167.968750;setang_exact 0.000000 95.509644 0.000000
setpos_exact -1806.104126 -507.610077 -163.299576;setang_exact 0.000000 90.494995 0.000000
setpos_exact -1816.897095 -507.609802 -163.299576;setang_exact 0.000000 117.472198 0.000000
setpos_exact -1854.448364 -484.802765 -167.968750;setang_exact 0.000000 129.456985 0.000000
setpos_exact -1822.819336 -507.609802 -163.299561;setang_exact 0.000000 112.248283 0.000000
setpos_exact -1737.491211 -544.400696 -127.968750;setang_exact 0.000000 155.197708 0.000000
setpos_exact -1868.803345 -495.066040 -167.968750;setang_exact 0.000000 96.850388 0.000000
setpos_exact -1813.242798 -507.609802 -163.299576;setang_exact 0.000000 103.526001 0.000000
setpos_exact -1773.614990 -568.386902 -127.968750;setang_exact 0.000000 126.223755 0.000000
setpos_exact -1835.346680 -512.753845 -167.968750;setang_exact 0.000000 152.917191 0.000000
setpos_exact -1860.347046 -482.997681 -167.968750;setang_exact 0.000000 116.941818 0.000000
setpos_exact -1795.373413 -531.609192 -167.968750;setang_exact 0.000000 136.221313 0.000000
setpos_exact -1837.950317 -512.875610 -167.968750;setang_exact 0.000000 134.677902 0.000000
setpos_exact -1854.318726 -514.232910 -167.968750;setang_exact 0.000000 139.700974 0.000000
setpos_exact -1902.592163 -448.621918 -167.968750;setang_exact 0.000000 55.356445 0.000000
setpos_exact -1780.701904 -537.193665 -127.968750;setang_exact 0.000000 125.081177 0.000000
setpos_exact -1770.411255 -545.626526 -127.968750;setang_exact 0.000000 98.518066 0.000000
setpos_exact -1855.602539 -445.453339 -163.299576;setang_exact 0.000000 77.233887 0.000000
setpos_exact -1803.618896 -507.608032 -163.299576;setang_exact 0.000000 110.076904 0.000000
setpos_exact -1859.488892 -444.900452 -163.299576;setang_exact 0.000000 65.455376 0.000000
setpos_exact -1771.381836 -539.953918 -127.968750;setang_exact 0.000000 127.177734 0.000000
setpos_exact -1784.010986 -504.031250 -167.968750;setang_exact 0.000000 75.986938 0.000000
setpos_exact -1810.776245 -507.609802 -163.299576;setang_exact 0.000000 145.082138 0.000000
setpos_exact -1842.843262 -472.198212 -163.299576;setang_exact 0.000000 86.120277 0.000000
setpos_exact -1818.588989 -507.606995 -163.299576;setang_exact 0.000000 108.889160 0.000000
setpos_exact -1850.255005 -488.814270 -167.968750;setang_exact 0.000000 89.836601 0.000000
setpos_exact -1823.970093 -509.408691 -163.299576;setang_exact 0.000000 97.418213 0.000000
setpos_exact -1783.385254 -527.692261 -127.968750;setang_exact 0.000000 131.047363 0.000000
setpos_exact -1802.287720 -507.609802 -163.299576;setang_exact 0.000000 125.719841 0.000000
setpos_exact -1817.577515 -507.740723 -163.299576;setang_exact 0.000000 104.671631 0.000000
setpos_exact -1800.688721 -507.610748 -163.299576;setang_exact 0.000000 111.681549 0.000000
setpos_exact -1846.239502 -479.004822 -167.968750;setang_exact 0.000000 103.903984 0.000000
setpos_exact -1813.507080 -507.609802 -163.299576;setang_exact 0.000000 109.414650 0.000000
setpos_exact -1798.649658 -507.609802 -163.299576;setang_exact 0.000000 100.246086 0.000000
setpos_exact -1877.271973 -498.573914 -124.137314;setang_exact 0.000000 70.142891 0.000000
setpos_exact -1815.055176 -507.606964 -160.170395;setang_exact 0.000000 117.726410 0.000000
setpos_exact -1786.129517 -504.031250 -167.968750;setang_exact 0.000000 111.112061 0.000000
setpos_exact -1780.592896 -520.531677 -112.254494;setang_exact 0.000000 127.945847 0.000000
setpos_exact -1764.238525 -542.069885 -127.968750;setang_exact 0.000000 129.028931 0.000000
setpos_exact -1812.887573 -507.606873 -163.299576;setang_exact 0.000000 115.580215 0.000000
setpos_exact -1767.193481 -545.827820 -127.968750;setang_exact 0.000000 119.602661 0.000000
setpos_exact -1812.776733 -507.609802 -163.299576;setang_exact 0.000000 117.662224 0.000000
setpos_exact -1813.072632 -507.606476 -161.077972;setang_exact 0.000000 119.818336 0.000000
setpos_exact -1784.000610 -506.881775 -167.968750;setang_exact 0.000000 120.432129 0.000000
setpos_exact -1803.985474 -507.607147 -163.299576;setang_exact 0.000000 123.521454 0.000000
setpos_exact -1823.269165 -507.606781 -163.299576;setang_exact 0.000000 116.842651 0.000000
setpos_exact -1843.208984 -471.430664 -163.299576;setang_exact 0.000000 112.727051 0.000000
setpos_exact -1800.792847 -507.609802 -163.299576;setang_exact 0.000000 124.036865 0.000000
setpos_exact -1807.160767 -507.607025 -163.299576;setang_exact 0.000000 110.812378 0.000000
setpos_exact -389.438965 -2040.925293 -130.816528;setang_exact 0.000000 118.383179 0.000000
setpos_exact 112.095657 -1612.075073 -169.961075;setang_exact 0.000000 128.638916 0.000000
setpos_exact -404.240753 -2127.815186 -179.968750;setang_exact 0.000000 97.036743 0.000000
setpos_exact -209.236511 -1815.504395 -167.968750;setang_exact 0.000000 113.532715 0.000000
setpos_exact 875.998840 -1207.024414 -108.968750;setang_exact 0.000000 4.826660 0.000000
setpos_exact 865.451538 -1199.931641 -108.968750;setang_exact 0.000000 359.835205 0.000000
setpos_exact 271.073456 -1497.402832 -175.968750;setang_exact 0.000000 11.931152 0.000000
setpos_exact 581.006042 -1370.431274 -242.983597;setang_exact 0.000000 208.943481 0.000000
setpos_exact 846.270874 -1224.310303 -108.968750;setang_exact 0.000000 255.140991 0.000000
setpos_exact -206.982101 -1749.499268 -167.968750;setang_exact 0.000000 208.987427 0.000000
setpos_exact 608.999695 -1358.046387 -224.871231;setang_exact 0.000000 209.355469 0.000000
setpos_exact 846.390686 -1224.525391 -108.968750;setang_exact 0.000000 255.140991 0.000000
setpos_exact 411.894836 -1386.447388 -47.938614;setang_exact 0.000000 24.312744 0.000000
setpos_exact 281.858154 -1518.005127 -175.968750;setang_exact 0.000000 207.833862 0.000000
setpos_exact 723.089966 -1233.658569 -216.590912;setang_exact 0.000000 210.789185 0.000000
setpos_exact 49.992329 -1615.838379 -169.584763;setang_exact 0.000000 209.223633 0.000000
setpos_exact 650.007629 -1272.884888 -260.391296;setang_exact 0.000000 209.317017 0.000000
setpos_exact 689.353638 -1256.784180 -263.968750;setang_exact 0.000000 209.410400 0.000000
setpos_exact 644.316406 -1280.444458 -259.901276;setang_exact 0.000000 210.745239 0.000000
setpos_exact 316.475433 -1520.368774 -175.968750;setang_exact 0.000000 210.888062 0.000000
setpos_exact 723.824768 -1238.356934 -263.290710;setang_exact 0.000000 210.794678 0.000000
setpos_exact 591.844055 -1534.171509 -263.968750;setang_exact 0.000000 210.794678 0.000000
setpos_exact 669.386963 -1268.605225 -263.788330;setang_exact 0.000000 209.454346 0.000000
setpos_exact 691.801697 -1254.731445 -263.943878;setang_exact 0.000000 211.212158 0.000000
setpos_exact 730.524963 -1230.284424 -262.791412;setang_exact 0.000000 314.049683 0.000000
setpos_exact 47.580002 -1639.808716 -167.968750;setang_exact 0.000000 209.036865 0.000000
setpos_exact 700.565308 -1248.950684 -263.663696;setang_exact 0.000000 211.069336 0.000000
setpos_exact 692.394836 -1254.453369 -263.933746;setang_exact 0.000000 211.212158 0.000000
setpos_exact 735.974243 -1222.193115 -262.268341;setang_exact 0.000000 211.212158 0.000000
setpos_exact 725.560120 -1228.218140 -262.533264;setang_exact 0.000000 210.888062 0.000000
setpos_exact 717.002258 -1238.636475 -263.179413;setang_exact 0.000000 211.025391 0.000000
setpos_exact 724.866882 -1229.212891 -228.083115;setang_exact 0.000000 211.305542 0.000000
setpos_exact 743.968750 -1212.791992 -261.713409;setang_exact 0.000000 211.162720 0.000000
setpos_exact 630.729980 -1297.246094 -258.573517;setang_exact 0.000000 211.212158 0.000000
setpos_exact 771.245300 -1203.868408 -108.968750;setang_exact 0.000000 181.131592 0.000000
setpos_exact -221.172318 -1803.189697 -167.968750;setang_exact 0.000000 211.212158 0.000000
setpos_exact 805.165222 -1247.361938 -108.968750;setang_exact 0.000000 208.992920 0.000000
setpos_exact -327.741241 -1829.551270 -167.968750;setang_exact 0.000000 346.287842 0.000000
setpos_exact 260.429047 -1477.271973 -153.233017;setang_exact 0.000000 209.091797 0.000000
setpos_exact 838.321777 -1223.350586 -108.968750;setang_exact 0.000000 183.175049 0.000000
setpos_exact 269.343231 -1486.954102 -175.968750;setang_exact 0.000000 207.333984 0.000000
setpos_exact 871.389587 -1209.538818 -108.968750;setang_exact 0.000000 183.081665 0.000000
setpos_exact -135.841278 -1663.453369 -294.416656;setang_exact 0.000000 209.322510 0.000000
setpos_exact -438.149658 -1925.390381 -299.357483;setang_exact 0.000000 211.261597 0.000000
setpos_exact -52.154945 -1691.849976 -167.968750;setang_exact 0.000000 209.739990 0.000000
setpos_exact 838.029907 -1229.140259 -108.968750;setang_exact 0.000000 209.185181 0.000000
setpos_exact 41.598236 -1577.759155 -106.927711;setang_exact 0.000000 211.030884 0.000000
setpos_exact 840.208923 -1227.333374 -108.968750;setang_exact 0.000000 187.283936 0.000000
setpos_exact 805.331726 -1247.778687 -108.968750;setang_exact 0.000000 209.415894 0.000000
setpos_exact 788.996582 -1259.794556 -108.968750;setang_exact 0.000000 210.800171 0.000000
setpos_exact 737.882446 -1472.031250 -263.683533;setang_exact 0.000000 337.714233 0.000000
setpos_exact 782.975403 -1259.492554 -108.968750;setang_exact 0.000000 208.998413 0.000000
setpos_exact 820.996643 -1238.479004 -108.968750;setang_exact 0.000000 209.047852 0.000000
setpos_exact -62.893791 -1647.885132 -154.959778;setang_exact 0.000000 209.371948 0.000000
setpos_exact 860.391479 -1216.627808 -108.968750;setang_exact 0.000000 183.032227 0.000000
setpos_exact 794.445923 -1252.963135 -108.968750;setang_exact 0.000000 208.905029 0.000000
setpos_exact 802.346619 -1248.456421 -108.968750;setang_exact 0.000000 208.861084 0.000000
setpos_exact 663.968750 -1128.001587 -127.968750;setang_exact 0.000000 232.487183 0.000000
setpos_exact 647.244873 -1186.667603 -127.968750;setang_exact 0.000000 220.704346 0.000000
setpos_exact 654.547668 -1155.252441 -127.968750;setang_exact 0.000000 220.242920 0.000000
setpos_exact 610.970337 -1247.774048 -252.249908;setang_exact 0.000000 220.979004 0.000000
setpos_exact 652.117371 -1236.368530 -260.062653;setang_exact 0.000000 220.286865 0.000000
setpos_exact -573.809570 -2291.098877 -174.973572;setang_exact 0.000000 36.639404 0.000000
setpos_exact -1203.661011 -522.031250 -167.968750;setang_exact 0.000000 66.672363 0.000000
setpos_exact -1223.732300 -522.031250 -167.968750;setang_exact 0.000000 80.548691 0.000000
setpos_exact -1235.724854 -522.031250 -168.334808;setang_exact 0.000000 84.612679 0.000000
setpos_exact -1206.080200 -522.031250 -168.029190;setang_exact 0.000000 87.913841 0.000000
setpos_exact -1185.494507 -522.031250 -167.968750;setang_exact 0.000000 86.407722 0.000000
setpos_exact -1229.755249 -522.031250 -167.968750;setang_exact 0.000000 81.557007 0.000000
setpos_exact -1219.579590 -522.031250 -167.968750;setang_exact 0.000000 85.942383 0.000000
setpos_exact -1214.881958 -522.031250 -168.325577;setang_exact 0.000000 87.568176 0.000000
setpos_exact -1222.883789 -522.031250 -167.968750;setang_exact 0.000000 83.732300 0.000000
setpos_exact -1219.390015 -522.031250 -167.968750;setang_exact 0.000000 87.473145 0.000000
setpos_exact -1239.081299 -522.031250 -167.968750;setang_exact 0.000000 82.342529 0.000000
setpos_exact -1217.422607 -522.006653 -167.968750;setang_exact 0.000000 86.132813 0.000000
setpos_exact -1214.028076 -522.001709 -168.871201;setang_exact 0.000000 86.346878 0.000000
setpos_exact -1220.934570 -522.000793 -167.968750;setang_exact 0.000000 83.589478 0.000000
setpos_exact -1230.738159 -580.208496 -167.968750;setang_exact 0.000000 85.469460 0.000000
setpos_exact -1229.571899 -522.031250 -167.968750;setang_exact 0.000000 86.412964 0.000000
setpos_exact -1238.427490 -522.031250 -167.968750;setang_exact 0.000000 89.412231 0.000000
setpos_exact -938.452087 -545.599365 -263.968750;setang_exact 0.000000 27.009888 0.000000
setpos_exact -944.031250 -396.160339 -263.968750;setang_exact 0.000000 68.697510 0.000000
setpos_exact -863.517700 -365.790161 -161.985153;setang_exact 0.000000 84.962769 0.000000
setpos_exact -847.454102 -540.031250 -261.946747;setang_exact 0.000000 13.441772 0.000000
setpos_exact -855.217041 -332.448029 -165.745972;setang_exact 0.000000 88.335571 0.000000
setpos_exact -944.031250 -393.861237 -263.968750;setang_exact 0.000000 81.123047 0.000000
setpos_exact -1120.031250 -571.353149 -167.968750;setang_exact 0.000000 59.133911 0.000000
setpos_exact -860.739624 -394.591034 -130.032303;setang_exact 0.000000 58.853676 0.000000
setpos_exact -944.031250 -411.471283 -263.968750;setang_exact 0.000000 72.669067 0.000000
setpos_exact -937.615051 -546.434387 -263.968750;setang_exact 0.000000 24.114990 0.000000
setpos_exact -862.778320 -432.000946 -57.792953;setang_exact 0.000000 54.550850 0.000000
setpos_exact -919.798523 -481.411896 -48.093750;setang_exact 0.000000 16.864014 0.000000
setpos_exact -941.665039 -490.712646 -48.093750;setang_exact 0.000000 52.344360 0.000000
setpos_exact -935.235413 -396.992798 -48.093750;setang_exact 0.000000 65.291748 0.000000
setpos_exact -928.008118 -519.569214 -48.093750;setang_exact 0.000000 71.033936 0.000000
setpos_exact -944.007202 -521.890869 -94.968750;setang_exact 0.000000 12.194824 0.000000
setpos_exact -1047.561401 -564.031250 -177.388245;setang_exact 0.000000 58.255005 0.000000
setpos_exact -920.600952 -463.314606 -48.093750;setang_exact 0.000000 70.446777 0.000000
setpos_exact -948.031250 -516.449463 -263.968750;setang_exact 0.000000 21.848843 0.000000
setpos_exact -858.955750 -417.807678 -164.037109;setang_exact 0.000000 89.950562 0.000000
setpos_exact -849.599976 -282.940216 -167.968750;setang_exact 0.000000 85.144043 0.000000
setpos_exact -854.454407 -248.750885 -167.968750;setang_exact 0.000000 87.083130 0.000000
setpos_exact -887.052795 -344.711914 -162.884644;setang_exact 0.000000 71.770798 0.000000
setpos_exact -877.825317 -284.967804 -167.968750;setang_exact 0.000000 84.869385 0.000000
setpos_exact -822.760620 -330.865082 -165.918030;setang_exact 0.000000 82.445450 0.000000
setpos_exact -839.381592 -274.695648 -166.646973;setang_exact 0.000000 90.455933 0.000000
setpos_exact -862.403992 -269.377869 -167.968750;setang_exact 0.000000 79.738770 0.000000
setpos_exact -830.916931 -333.681213 -165.611938;setang_exact 0.000000 72.102577 0.000000
setpos_exact -840.005493 -363.875824 -163.905777;setang_exact 0.000000 74.440918 0.000000
setpos_exact -858.571899 -427.189117 -13.593124;setang_exact 0.000000 45.087891 0.000000
setpos_exact -948.031250 -516.453125 -263.968750;setang_exact 0.000000 56.495888 0.000000
setpos_exact -948.031250 -435.663879 -264.109497;setang_exact 0.000000 67.727386 0.000000
setpos_exact -849.969299 -360.810242 -110.128876;setang_exact 0.000000 55.542290 0.000000
setpos_exact -949.171875 -409.120819 -232.521469;setang_exact 0.000000 80.430908 0.000000
setpos_exact -955.147949 -535.955688 -252.466873;setang_exact 0.000000 36.272583 0.000000
setpos_exact -948.031250 -534.110535 -256.306641;setang_exact 0.000000 30.202637 0.000000
setpos_exact -839.871460 -436.405090 -100.821228;setang_exact 0.000000 48.319683 0.000000
setpos_exact -812.659363 -254.829178 -159.968750;setang_exact 0.000000 86.945801 0.000000
setpos_exact -892.705261 -355.732788 -159.960205;setang_exact 0.000000 84.501343 0.000000
setpos_exact -983.947021 -512.710571 -279.713623;setang_exact 0.000000 37.330269 0.000000
setpos_exact -948.031250 -519.306152 -263.922546;setang_exact 0.000000 26.645899 0.000000
setpos_exact -948.031250 -460.555817 -262.278351;setang_exact 0.000000 59.984581 0.000000
setpos_exact -801.044739 -54.228642 -168.945969;setang_exact 0.000000 256.278076 0.000000
setpos_exact -856.630493 -401.467743 -105.946915;setang_exact 0.000000 57.218445 0.000000
setpos_exact -1183.335693 -556.934509 -167.968750;setang_exact 0.000000 121.645828 0.000000
setpos_exact -976.031250 -178.552353 -167.968750;setang_exact 0.000000 13.859253 0.000000
setpos_exact -981.792236 -137.327286 -167.968750;setang_exact 0.000000 5.031738 0.000000
setpos_exact -946.783508 -86.281578 -164.138123;setang_exact 0.000000 26.125488 0.000000
setpos_exact -983.636963 -199.968750 -66.405548;setang_exact 0.000000 5.844727 0.000000
setpos_exact -986.449707 -178.046341 -154.326752;setang_exact 0.000000 23.906250 0.000000
setpos_exact -983.482300 -184.309402 -167.968750;setang_exact 0.000000 11.804810 0.000000
setpos_exact -980.256775 -214.546249 -31.968750;setang_exact 0.000000 2.098389 0.000000
setpos_exact -1001.559937 -201.918793 -31.968750;setang_exact 0.000000 1.686401 0.000000
setpos_exact -839.968933 -52.408089 -168.764816;setang_exact 0.000000 22.601574 0.000000
setpos_exact -978.945313 -107.755760 -68.182663;setang_exact 0.000000 41.083374 0.000000
setpos_exact -1082.947998 146.173355 -171.846909;setang_exact 0.000000 173.133545 0.000000
setpos_exact -1078.211792 128.682358 -170.680832;setang_exact 0.000000 201.684296 0.000000
setpos_exact -1071.844971 149.391769 -172.050766;setang_exact 0.000000 182.598267 0.000000
setpos_exact -948.031250 -503.784821 -263.968750;setang_exact 0.000000 24.125977 0.000000
setpos_exact -948.031250 -519.696472 -263.968750;setang_exact 0.000000 23.746157 0.000000
setpos_exact -1173.902710 -741.962524 -167.968750;setang_exact 0.000000 85.984497 0.000000
setpos_exact -794.054565 118.005829 -170.974472;setang_exact 0.000000 171.090088 0.000000
setpos_exact -785.045715 70.996765 -165.968750;setang_exact 0.000000 247.837372 0.000000
setpos_exact -894.411194 -548.245422 -263.968750;setang_exact 0.000000 0.487406 0.000000
setpos_exact -948.031250 -520.343201 -250.850418;setang_exact 0.000000 21.916056 0.000000
setpos_exact -895.304199 -396.379150 -159.350327;setang_exact 0.000000 81.595459 0.000000
setpos_exact -944.031250 -384.175446 -263.978119;setang_exact 0.000000 79.029541 0.000000
setpos_exact -944.031250 -408.588562 -263.968750;setang_exact 0.000000 74.020386 0.000000
setpos_exact -783.657593 -270.501373 -159.968750;setang_exact 0.000000 350.569000 0.000000
setpos_exact 203.869080 2660.143555 160.031250;setang_exact 0.000000 103.102417 0.000000
setpos_exact 281.930786 2790.789307 278.149902;setang_exact 0.000000 203.106079 0.000000
setpos_exact 313.242981 2788.045654 327.087402;setang_exact 0.000000 216.392212 0.000000
setpos_exact 320.780609 2789.280762 333.088867;setang_exact 0.000000 220.962524 0.000000
setpos_exact 623.905701 649.229797 91.432915;setang_exact 0.000000 299.579803 0.000000
setpos_exact 452.839569 1451.942261 0.663875;setang_exact 0.000000 256.920776 0.000000
