setpos_exact 2084.346680 -399.451141 292.025909;setang_exact 0.000000 180.928345 0.000000
setpos_exact 2188.307129 -504.376404 88.031250;setang_exact 0.000000 178.566284 0.000000
setpos_exact 2283.761719 -514.990051 86.940849;setang_exact 0.000000 170.425415 0.000000
setpos_exact 2341.390625 -509.741119 87.702217;setang_exact 0.000000 130.935120 0.000000
setpos_exact 2353.487061 -469.488525 85.715759;setang_exact 0.000000 97.005661 0.000000
setpos_exact 2358.702148 -332.535370 90.835838;setang_exact 0.000000 97.003784 0.000000
setpos_exact 2314.418457 -122.010452 123.431137;setang_exact 0.000000 119.431152 0.000000
setpos_exact 2095.347900 17.001877 126.647041;setang_exact 0.000000 156.268311 0.000000
setpos_exact 1906.017700 54.488068 127.534103;setang_exact 0.000000 175.348511 0.000000
setpos_exact 1826.785034 56.101891 128.052322;setang_exact 0.000000 175.347290 0.000000
setpos_exact 1725.665161 62.329216 129.317123;setang_exact 0.000000 175.347290 0.000000
setpos_exact 1821.004150 571.230408 222.031250;setang_exact 0.000000 282.084961 0.000000
setpos_exact 2230.662109 325.769775 149.399979;setang_exact 0.000000 292.902832 0.000000
setpos_exact 2280.864014 293.820068 128.568329;setang_exact 0.000000 279.122925 0.000000
setpos_exact 2284.615967 227.584625 128.841202;setang_exact 0.000000 261.952515 0.000000
setpos_exact 2359.428711 -17.809052 128.766571;setang_exact 0.000000 261.491089 0.000000
setpos_exact 2353.943359 -77.419106 128.888596;setang_exact 0.000000 261.491089 0.000000
setpos_exact 2346.028320 -136.820145 122.802734;setang_exact 0.000000 261.491089 0.000000
setpos_exact 2463.177979 -240.872864 87.031250;setang_exact 0.000000 254.041595 0.000000
setpos_exact 2369.151123 -367.008698 86.034882;setang_exact 0.000000 106.283569 0.000000
setpos_exact 2197.895020 559.434814 156.583145;setang_exact 0.000000 261.439819 0.000000
setpos_exact 2107.299316 467.821289 160.031250;setang_exact 0.000000 73.146194 0.000000
setpos_exact 2161.692139 1022.796509 159.106506;setang_exact 0.000000 151.018234 0.000000
setpos_exact 2046.331543 -142.964401 292.031250;setang_exact 0.000000 180.351563 0.000000
setpos_exact 2001.596436 -134.440689 292.031250;setang_exact 0.000000 132.621460 0.000000
setpos_exact 2065.387939 -130.533096 292.031250;setang_exact 0.000000 178.544312 0.000000
setpos_exact 2036.004517 -139.934158 292.031250;setang_exact 0.000000 160.521240 0.000000
setpos_exact 2062.930908 -142.959442 292.031250;setang_exact 0.000000 182.334595 0.000000
setpos_exact 2062.930908 -142.959442 292.031250;setang_exact 0.000000 182.334595 0.000000
setpos_exact 2105.722168 -375.314819 292.031250;setang_exact 0.000000 113.508301 0.000000
setpos_exact 2112.614258 -378.966003 292.031250;setang_exact 0.000000 87.956543 0.000000
setpos_exact 2114.590820 -145.318466 292.031250;setang_exact 0.000000 166.865845 0.000000
setpos_exact 2095.012939 -142.279541 292.031250;setang_exact 0.000000 181.235962 0.000000
setpos_exact 2062.565186 -112.997337 256.031250;setang_exact 0.000000 189.481201 0.000000
setpos_exact 2059.122803 -126.294731 292.031250;setang_exact 0.000000 197.727051 0.000000
setpos_exact 2060.290039 -144.481674 292.031250;setang_exact 0.000000 182.114868 0.000000
setpos_exact 2046.800293 -139.956680 292.031250;setang_exact 0.000000 161.416626 0.000000
setpos_exact 2046.800293 -139.956680 292.031250;setang_exact 0.000000 161.416626 0.000000
setpos_exact 2047.660522 -143.048630 292.031250;setang_exact 0.000000 179.340820 0.000000
setpos_exact 2047.660522 -143.048630 292.031250;setang_exact 0.000000 179.340820 0.000000
setpos_exact 2055.593506 -139.329071 292.031250;setang_exact 0.000000 161.553955 0.000000
setpos_exact 2061.629883 -141.314651 292.031250;setang_exact 0.000000 161.784668 0.000000
setpos_exact 2061.632813 -141.382568 292.031250;setang_exact 0.000000 161.784668 0.000000
setpos_exact 2046.336426 -143.395248 292.031250;setang_exact 0.000000 170.051880 0.000000
setpos_exact 2025.729614 -142.351379 292.031250;setang_exact 0.000000 104.060059 0.000000
setpos_exact 2025.729614 -142.351379 292.031250;setang_exact 0.000000 170.260620 0.000000
setpos_exact 1985.254517 -238.990936 256.031250;setang_exact 0.000000 38.726807 0.000000
setpos_exact 2096.858154 -142.913940 292.031250;setang_exact 0.000000 183.136597 0.000000
setpos_exact 1778.031250 -108.122070 304.031250;setang_exact 0.000000 179.346313 0.000000
setpos_exact 2097.679443 -144.203812 292.031250;setang_exact 0.000000 181.708374 0.000000
setpos_exact 2101.248047 -129.375900 292.031250;setang_exact 0.000000 183.834229 0.000000
setpos_exact 2028.427368 -142.674545 292.031250;setang_exact 0.000000 173.342285 0.000000
setpos_exact 2226.448975 2230.160400 206.031250;setang_exact 0.000000 185.057983 0.000000
setpos_exact 2252.341797 2162.409912 169.031250;setang_exact 0.000000 91.593018 0.000000
setpos_exact 2257.285889 2151.949463 167.789001;setang_exact 0.000000 87.753296 0.000000
setpos_exact 152.925064 3166.968750 291.031250;setang_exact 0.000000 302.228394 0.000000
setpos_exact 386.306427 2781.081299 273.031250;setang_exact 0.000000 214.491577 0.000000
setpos_exact 332.907349 2796.292969 273.031250;setang_exact 0.000000 305.033569 0.000000
setpos_exact 333.695313 2806.873047 273.031250;setang_exact 0.000000 278.607788 0.000000
setpos_exact 331.956421 2798.127441 273.031250;setang_exact 0.000000 287.528687 0.000000
setpos_exact 347.756470 2805.859863 273.031250;setang_exact 0.000000 273.438721 0.000000
setpos_exact 563.922119 2509.204346 291.031250;setang_exact 0.000000 143.514404 0.000000
setpos_exact 384.397919 2781.867676 273.031250;setang_exact 0.000000 204.362183 0.000000
setpos_exact 373.608002 2795.978516 273.031250;setang_exact 0.000000 224.972534 0.000000
setpos_exact 332.995453 2800.162109 273.031250;setang_exact 0.000000 293.027344 0.000000
setpos_exact 338.607635 2805.697021 273.031250;setang_exact 0.000000 290.533447 0.000000
setpos_exact 345.888550 2804.967773 273.031250;setang_exact 0.000000 279.354858 0.000000
setpos_exact 331.792725 2798.242432 273.031250;setang_exact 0.000000 306.156006 0.000000
setpos_exact 403.982635 2444.031250 284.031250;setang_exact 0.000000 115.867310 0.000000
setpos_exact 621.390076 2460.662842 291.031250;setang_exact 0.000000 131.813965 0.000000
setpos_exact 1265.334106 2826.216553 126.035187;setang_exact 0.000000 214.711304 0.000000
setpos_exact 77.180222 2559.831055 283.893250;setang_exact 0.000000 2.427979 0.000000
setpos_exact 77.409958 2552.899414 283.893250;setang_exact 0.000000 1.642456 0.000000
setpos_exact 77.474503 2552.162842 283.893250;setang_exact 0.000000 5.009766 0.000000
setpos_exact 1318.390625 450.106384 124.509735;setang_exact 0.000000 297.614136 0.000000
setpos_exact 1517.994019 602.784668 136.774841;setang_exact 0.000000 255.344238 0.000000
setpos_exact 351.319885 2444.000244 284.031250;setang_exact 0.000000 90.703125 0.000000
setpos_exact 346.452423 2444.000244 284.031250;setang_exact 0.000000 90.104370 0.000000
setpos_exact 344.402893 2444.000244 284.031250;setang_exact 0.000000 90.104370 0.000000
setpos_exact 336.354858 2444.000244 160.031250;setang_exact 0.000000 90.104370 0.000000
setpos_exact 343.239655 2444.002197 284.031250;setang_exact 0.000000 94.553833 0.000000
setpos_exact 341.464813 2444.000977 284.031250;setang_exact 0.000000 55.140381 0.000000
setpos_exact 340.792358 2444.003906 284.031250;setang_exact 0.000000 89.791260 0.000000
setpos_exact 340.555145 2444.004883 284.031250;setang_exact 0.000000 89.791260 0.000000
setpos_exact 340.317932 2444.005859 284.031250;setang_exact 0.000000 89.791260 0.000000
setpos_exact -1574.090332 -841.142944 -165.968750;setang_exact 0.000000 103.434143 0.000000
setpos_exact -1554.573486 -802.320496 -167.968857;setang_exact 0.000000 130.830688 0.000000
setpos_exact 875.996826 -1207.873657 -108.968750;setang_exact 0.000000 0.889893 0.000000
setpos_exact 875.996826 -1207.873657 -108.968750;setang_exact 0.000000 255.139771 0.000000
setpos_exact 779.872559 -1199.968750 -108.968750;setang_exact 0.000000 180.807495 0.000000
setpos_exact 772.908997 -1199.999756 -108.968750;setang_exact 0.000000 181.131592 0.000000
setpos_exact 875.980530 -1208.121094 -108.968750;setang_exact 0.000000 181.043701 0.000000
setpos_exact 875.985352 -1207.943604 -108.968750;setang_exact 0.000000 183.032227 0.000000
setpos_exact 684.376404 -1130.010498 -127.968750;setang_exact 0.000000 235.211792 0.000000
setpos_exact 684.376404 -1130.010498 -127.968750;setang_exact 0.000000 220.885620 0.000000
setpos_exact 684.376404 -1130.010498 -127.968750;setang_exact 0.000000 220.885620 0.000000
setpos_exact -1125.880737 -925.259216 -167.968750;setang_exact 0.000000 92.048950 0.000000
setpos_exact -1183.055176 -984.924072 -167.968750;setang_exact 0.000000 91.893311 0.000000
setpos_exact -1189.833984 -349.882782 -55.968750;setang_exact 0.000000 53.616249 0.000000
setpos_exact -1185.101318 -933.575134 -167.968750;setang_exact 0.000000 83.633423 0.000000
setpos_exact 359.947845 2783.843506 273.013733;setang_exact 0.000000 215.694580 0.000000
setpos_exact 380.086975 2788.068359 273.031250;setang_exact 0.000000 229.910889 0.000000
setpos_exact 319.531921 2127.172607 97.784988;setang_exact 0.000000 275.169067 0.000000
setpos_exact 182.250000 2439.010010 -120.968750;setang_exact 0.000000 0.000000 0.000000
setpos_exact 24.372057 -1998.348633 -37.968750;setang_exact 0.000000 112.214355 0.000000
setpos_exact 82.257751 -2013.219238 -35.968750;setang_exact 0.000000 121.695557 0.000000
setpos_exact -1247.968750 -759.984924 -128.968750;setang_exact 0.000000 43.286133 0.000000
setpos_exact 460.968750 -1520.003906 -242.449448;setang_exact 0.000000 182.966309 0.000000
setpos_exact 460.968750 -1520.003906 -242.449448;setang_exact 0.000000 182.966309 0.000000
setpos_exact 460.968750 -1520.003540 -242.449448;setang_exact 0.000000 183.356323 0.000000
setpos_exact -784.026733 623.973145 -75.968750;setang_exact 0.000000 208.410645 0.000000
setpos_exact -1710.995850 -1208.031250 -255.077042;setang_exact 0.000000 49.702148 0.000000
setpos_exact -1170.187378 -918.457214 -167.968750;setang_exact 0.000000 90.939331 0.000000
setpos_exact -1710.999634 -1208.031250 -255.077042;setang_exact 0.000000 66.527100 0.000000
setpos_exact -1710.999634 -1208.031250 -255.077042;setang_exact 0.000000 60.347900 0.000000
setpos_exact -1710.999634 -1208.031250 -255.077042;setang_exact 0.000000 60.347900 0.000000
setpos_exact 181.998489 -1717.983887 -167.968750;setang_exact 0.000000 178.104858 0.000000
setpos_exact 399.487335 280.507599 -254.627075;setang_exact 0.000000 18.358154 0.000000
setpos_exact 399.487335 280.507599 -254.627075;setang_exact 0.000000 268.984375 0.000000
setpos_exact -1736.325439 -1144.817871 96.031250;setang_exact 0.000000 146.609161 0.000000
setpos_exact -1081.020142 -1081.122681 -418.520447;setang_exact 0.000000 5.465698 0.000000
setpos_exact -714.290100 -1142.855469 -416.558838;setang_exact 0.000000 357.918091 0.000000
setpos_exact -455.526825 -1281.210693 -287.968750;setang_exact 0.000000 9.695892 0.000000
setpos_exact -1349.999878 -949.383301 -356.968750;setang_exact 0.000000 11.876221 0.000000
setpos_exact -1349.999878 -949.383301 -356.968750;setang_exact 0.000000 11.876221 0.000000
setpos_exact -1044.607544 -1114.682983 -417.484070;setang_exact 0.000000 358.764038 0.000000
setpos_exact 2812.117920 -461.074280 -355.968750;setang_exact 0.000000 198.285522 0.000000
setpos_exact 1229.940918 -472.905823 -415.968750;setang_exact 0.000000 164.402725 0.000000
setpos_exact 968.278259 -877.170959 -127.968750;setang_exact 0.000000 234.587006 0.000000
setpos_exact 968.278259 -877.170959 -127.968750;setang_exact 0.000000 259.123535 0.000000
setpos_exact -335.968750 -954.701477 -171.968750;setang_exact 0.000000 352.571411 0.000000
setpos_exact 99.235146 -688.031250 -415.968750;setang_exact 0.000000 1.672974 0.000000
setpos_exact 239.999115 -984.643860 -415.968750;setang_exact 0.000000 226.181641 0.000000
setpos_exact 160.029037 -980.880798 -415.968750;setang_exact 0.000000 178.698120 0.000000
setpos_exact 169.031250 -1135.968750 -415.968750;setang_exact 0.000000 43.170776 0.000000
setpos_exact -2144.448242 804.640503 473.743713;setang_exact 0.000000 3.267786 0.000000
setpos_exact -1247.968750 -759.968750 -128.968750;setang_exact 0.000000 53.800049 0.000000
setpos_exact -1188.414185 -522.031250 -167.968750;setang_exact 0.000000 83.001709 0.000000
setpos_exact -1247.968750 -759.968750 -128.968750;setang_exact 0.000000 44.525604 0.000000
setpos_exact 74.260788 -2054.265381 -35.968750;setang_exact 0.000000 109.698486 0.000000
setpos_exact 63.537220 -2017.231812 -35.968750;setang_exact 0.000000 114.647827 0.000000
setpos_exact -1148.380737 -966.971375 -167.968750;setang_exact 0.000000 87.066650 0.000000
setpos_exact -1224.076172 -1107.690063 -167.968750;setang_exact 0.000000 75.338745 0.000000
setpos_exact -1247.968750 -759.968750 -128.968750;setang_exact 0.000000 69.853516 0.000000
setpos_exact 1422.999756 34.830582 -167.968750;setang_exact 0.000000 205.867310 0.000000
setpos_exact 1422.999756 34.830582 -167.968750;setang_exact 0.000000 205.867310 0.000000
setpos_exact -1719.968750 -504.031250 -167.968750;setang_exact 0.000000 311.923828 0.000000
setpos_exact -1523.199829 472.952972 1614.476929;setang_exact 0.000000 320.471191 0.000000
setpos_exact -247.903915 328.012604 1613.995728;setang_exact 0.000000 52.487183 0.000000
setpos_exact -191.875748 1168.137939 1687.031250;setang_exact 0.000000 284.018555 0.000000
setpos_exact -575.044189 1499.867798 1709.012939;setang_exact 0.000000 358.566284 0.000000
setpos_exact 81.533730 -59.981236 1695.031250;setang_exact 0.000000 89.093628 0.000000
setpos_exact -603.827576 -843.641541 1613.888916;setang_exact 0.000000 354.995728 0.000000
setpos_exact 1152.303589 -649.887268 1614.031250;setang_exact 0.000000 247.329712 0.000000
setpos_exact -582.125183 -837.006897 1613.786621;setang_exact 0.000000 341.383667 0.000000
setpos_exact -233.927765 400.129181 1613.031250;setang_exact 0.000000 263.122559 0.000000
setpos_exact -529.979980 -701.205688 1796.031250;setang_exact 0.000000 337.279175 0.000000
setpos_exact -617.454285 -885.456299 119.467743;setang_exact 0.000000 56.151123 0.000000
setpos_exact 263.636871 2132.023438 -126.973061;setang_exact 0.000000 174.440918 0.000000
setpos_exact 251.902206 2056.002197 -124.673798;setang_exact 0.000000 159.257813 0.000000
setpos_exact 227.176865 2056.002197 -124.465340;setang_exact 0.000000 143.805542 0.000000
setpos_exact 170.499390 2056.009766 -124.170898;setang_exact 0.000000 149.293213 0.000000
setpos_exact 230.096756 2056.031250 -124.491562;setang_exact 0.000000 177.714844 0.000000
setpos_exact 239.202438 2185.041260 -128.180801;setang_exact 0.000000 177.302856 0.000000
setpos_exact 151.624374 2192.158447 -128.466339;setang_exact 0.000000 180.692139 0.000000
setpos_exact 347.896851 2193.687012 -129.436340;setang_exact 0.000000 183.543091 0.000000
setpos_exact 119.611786 2181.342529 -128.488663;setang_exact 0.000000 182.389526 0.000000
setpos_exact 270.121307 2231.871338 -127.754913;setang_exact 0.000000 190.585327 0.000000
setpos_exact 161.807007 2215.444580 -128.214127;setang_exact 0.000000 181.642456 0.000000
setpos_exact 161.807007 2215.444580 -128.214127;setang_exact 0.000000 181.642456 0.000000
setpos_exact 269.931061 2233.485107 -127.716667;setang_exact 0.000000 187.811279 0.000000
setpos_exact 269.931061 2233.485107 -127.716667;setang_exact 0.000000 189.036255 0.000000
setpos_exact -57.995686 2010.004028 -121.510979;setang_exact 0.000000 84.413452 0.000000
setpos_exact -57.968750 2010.004517 -121.510979;setang_exact 0.000000 88.203735 0.000000
setpos_exact -45.919781 2276.173096 -126.574432;setang_exact 0.000000 265.874634 0.000000
setpos_exact 224.951965 2056.009033 -124.454445;setang_exact 0.000000 149.386597 0.000000
setpos_exact 246.623322 2216.878174 -128.038635;setang_exact 0.000000 188.421021 0.000000
setpos_exact 2108.208252 -128.997391 292.031250;setang_exact 0.000000 181.785278 0.000000
setpos_exact 2002.379150 -52.424934 228.287674;setang_exact 0.000000 290.198364 0.000000
setpos_exact 2102.409912 -128.342484 292.031250;setang_exact 0.000000 180.093384 0.000000
setpos_exact 2101.201416 -140.100922 292.031250;setang_exact 0.000000 181.724854 0.000000
setpos_exact 2105.079102 -128.882553 292.031250;setang_exact 0.000000 182.609253 0.000000
setpos_exact 1777.357422 -108.999794 342.031250;setang_exact 0.000000 180.373535 0.000000
setpos_exact 2111.852539 -130.733292 292.031250;setang_exact 0.000000 181.043701 0.000000
setpos_exact 1841.252197 -190.645004 256.031250;setang_exact 0.000000 2.636719 0.000000
setpos_exact 2343.555176 1722.569946 150.324203;setang_exact 0.000000 98.245239 0.000000
setpos_exact 378.452820 2777.755371 273.031250;setang_exact 0.000000 203.615112 0.000000
setpos_exact 346.103271 2799.508301 273.031250;setang_exact 0.000000 279.706421 0.000000
setpos_exact 356.376709 2805.336670 273.031250;setang_exact 0.000000 271.713867 0.000000
setpos_exact 349.116638 2805.661621 273.031250;setang_exact 0.000000 279.574585 0.000000
setpos_exact 347.685822 2804.974365 273.031250;setang_exact 0.000000 280.184326 0.000000
setpos_exact 347.242828 2802.774170 273.031250;setang_exact 0.000000 280.255737 0.000000
setpos_exact 347.123199 2803.435791 273.031250;setang_exact 0.000000 280.255737 0.000000
setpos_exact 347.041687 2803.886719 273.031250;setang_exact 0.000000 280.255737 0.000000
setpos_exact 346.946655 2804.408691 273.031250;setang_exact 0.000000 280.321655 0.000000
setpos_exact 346.826202 2805.070313 273.031250;setang_exact 0.000000 280.321655 0.000000
setpos_exact 346.754883 2805.462158 273.031250;setang_exact 0.000000 280.321655 0.000000
setpos_exact 346.647461 2806.052490 273.031250;setang_exact 0.000000 280.321655 0.000000
setpos_exact 346.552429 2806.574463 273.031250;setang_exact 0.000000 280.321655 0.000000
setpos_exact 346.519043 2806.809326 273.031250;setang_exact 0.000000 278.898926 0.000000
setpos_exact 863.838196 2502.851318 143.095856;setang_exact 0.000000 247.933960 0.000000
setpos_exact -107.452744 205.676285 184.031250;setang_exact 0.000000 310.836182 0.000000
setpos_exact -65.896851 135.589554 184.031250;setang_exact 0.000000 347.563477 0.000000
setpos_exact -107.968750 205.968750 184.031250;setang_exact 0.000000 332.254028 0.000000
setpos_exact -107.961670 158.729797 184.031250;setang_exact 0.000000 346.486816 0.000000
setpos_exact -107.968750 205.968750 184.031250;setang_exact 0.000000 328.601074 0.000000
setpos_exact 2112.064209 -129.497635 292.031250;setang_exact 0.000000 181.285400 0.000000
setpos_exact 2112.316406 -135.951599 292.031250;setang_exact 0.000000 182.307129 0.000000
setpos_exact 2111.434814 -118.433632 292.031250;setang_exact 0.000000 182.922363 0.000000
setpos_exact 1776.729248 -106.825241 152.031250;setang_exact 0.000000 177.626953 0.000000
setpos_exact 2114.617676 -121.681190 292.031250;setang_exact 0.000000 179.110107 0.000000
setpos_exact 2115.036133 -130.225464 292.031250;setang_exact 0.000000 182.839966 0.000000
setpos_exact 2071.583740 -131.804230 292.031250;setang_exact 0.000000 179.719849 0.000000
setpos_exact 2071.583740 -131.804230 292.031250;setang_exact 0.000000 179.719849 0.000000
setpos_exact 2071.583740 -131.804230 292.031250;setang_exact 0.000000 165.690308 0.000000
setpos_exact 2067.177246 -131.064774 292.031250;setang_exact 0.000000 165.690308 0.000000
setpos_exact 2059.930664 -141.900665 292.031250;setang_exact 0.000000 165.278320 0.000000
setpos_exact 2060.886230 -143.140198 292.031250;setang_exact 0.000000 180.664673 0.000000
setpos_exact 2062.187988 -140.782883 292.031250;setang_exact 0.000000 181.005249 0.000000
setpos_exact 2061.486084 -136.622238 292.031250;setang_exact 0.000000 181.076660 0.000000
setpos_exact 2061.486084 -136.622238 292.031250;setang_exact 0.000000 181.076660 0.000000
setpos_exact 2051.471924 -138.954697 292.031250;setang_exact 0.000000 182.570801 0.000000
setpos_exact 2051.471924 -138.954697 292.031250;setang_exact 0.000000 182.570801 0.000000
setpos_exact 2029.923340 -144.570709 292.031250;setang_exact 0.000000 180.675659 0.000000
setpos_exact 2111.729736 -129.071304 292.031250;setang_exact 0.000000 181.697388 0.000000
setpos_exact 2117.642822 -122.222435 292.031250;setang_exact 0.000000 243.698730 0.000000
setpos_exact 2107.078613 -348.838013 292.031250;setang_exact 0.000000 93.131104 0.000000
setpos_exact 2110.565186 -393.496185 292.031250;setang_exact 0.000000 91.164551 0.000000
setpos_exact 2095.676270 -112.939926 256.031250;setang_exact 0.000000 185.278931 0.000000
setpos_exact 2095.676270 -112.939926 256.031250;setang_exact 0.000000 178.972778 0.000000
setpos_exact 2113.510254 -118.159340 292.031250;setang_exact 0.000000 192.661743 0.000000
setpos_exact 2112.417480 -129.350342 292.031250;setang_exact 0.000000 180.335083 0.000000
setpos_exact -2630.121338 -1316.140625 434.134613;setang_exact 0.000000 7.673950 0.000000
setpos_exact -1996.345459 -1230.507813 240.031250;setang_exact 0.000000 65.522461 0.000000
setpos_exact -2120.667236 -1304.737427 360.482361;setang_exact 0.000000 17.479248 0.000000
setpos_exact -1751.173950 -1178.286987 96.031250;setang_exact 0.000000 287.759399 0.000000
setpos_exact -1690.002075 -1157.375244 136.246094;setang_exact 0.000000 276.443481 0.000000
setpos_exact -1690.028320 -1147.228027 96.031250;setang_exact 0.000000 270.483398 0.000000
setpos_exact -1702.864624 -1157.374878 136.246094;setang_exact 0.000000 275.432739 0.000000
setpos_exact -1706.569702 -1157.375854 136.246094;setang_exact 0.000000 273.537598 0.000000
setpos_exact -1690.031250 -1157.375244 136.246094;setang_exact 0.000000 170.482178 0.000000
setpos_exact -1690.031250 -1157.375244 136.246094;setang_exact 0.000000 145.881958 0.000000
setpos_exact -1757.916992 -1182.258179 118.634132;setang_exact 0.000000 288.858917 0.000000
setpos_exact -1690.010010 -1157.375244 136.246094;setang_exact 0.000000 205.777588 0.000000
setpos_exact -1690.010010 -1157.375244 136.246094;setang_exact 0.000000 229.390869 0.000000
setpos_exact -1690.010010 -1157.375244 136.246094;setang_exact 0.000000 284.073486 0.000000
setpos_exact -1690.010010 -1157.347534 136.246094;setang_exact 0.000000 284.073486 0.000000
setpos_exact -1690.010010 -1157.347534 136.246094;setang_exact 0.000000 240.599976 0.000000
setpos_exact -1702.803101 -1157.375854 136.246094;setang_exact 0.000000 273.806763 0.000000
setpos_exact -1706.785034 -1157.375854 136.246094;setang_exact 0.000000 271.977539 0.000000
setpos_exact -1704.922485 -1157.377441 136.246094;setang_exact 0.000000 272.389526 0.000000
setpos_exact -1706.085693 -1157.375854 136.246094;setang_exact 0.000000 274.965820 0.000000
setpos_exact -2100.397705 711.327454 256.031250;setang_exact 0.000000 332.622070 0.000000
setpos_exact -684.025330 -2501.383301 148.232574;setang_exact 0.000000 67.582397 0.000000
setpos_exact -684.025330 -2501.383301 148.232574;setang_exact 0.000000 67.582397 0.000000
setpos_exact -1995.782471 -1299.504150 277.225891;setang_exact 0.000000 65.137939 0.000000
setpos_exact -2120.934326 -1327.996094 360.647797;setang_exact 0.000000 27.597656 0.000000
setpos_exact -1690.001221 -1157.375488 136.246094;setang_exact 0.000000 273.762817 0.000000
setpos_exact -2170.140869 -1312.726074 393.456055;setang_exact 0.000000 16.545410 0.000000
setpos_exact -1690.005615 -1157.375488 136.246094;setang_exact 0.000000 277.684937 0.000000
setpos_exact -2181.663330 -1322.358643 401.141357;setang_exact 0.000000 18.704224 0.000000
setpos_exact -1690.004150 -1157.375488 136.246094;setang_exact 0.000000 273.070679 0.000000
setpos_exact -2093.959961 -1321.270386 342.662018;setang_exact 0.000000 14.633789 0.000000
setpos_exact -1690.028320 -1157.375488 136.246094;setang_exact 0.000000 135.642700 0.000000
setpos_exact -1690.489868 -1154.703247 136.246094;setang_exact 0.000000 171.145020 0.000000
setpos_exact -1690.489868 -1154.703247 136.246094;setang_exact 0.000000 216.499634 0.000000
setpos_exact -1693.777466 -1157.375244 136.246094;setang_exact 0.000000 262.142944 0.000000
setpos_exact -1690.001343 -907.031250 96.031250;setang_exact 0.000000 263.435669 0.000000
setpos_exact -1973.550537 -1304.566895 262.404633;setang_exact 0.000000 74.322510 0.000000
setpos_exact -1288.483887 -1086.678589 -416.889343;setang_exact 0.000000 1.554565 0.000000
setpos_exact 1471.497559 -793.902893 -415.971832;setang_exact 0.000000 242.578125 0.000000
setpos_exact 60.051476 -1630.764282 -19.968735;setang_exact 0.000000 1.290894 0.000000
setpos_exact -1315.192871 -1090.683960 -417.395355;setang_exact 0.000000 0.477905 0.000000
setpos_exact 1321.692505 -1442.249390 -287.968750;setang_exact 0.000000 242.943726 0.000000
setpos_exact -809.669434 558.436096 -215.968750;setang_exact 0.000000 346.382446 0.000000
setpos_exact 704.150391 -1265.647949 -164.806641;setang_exact 0.000000 181.582031 0.000000
setpos_exact -776.394043 607.896851 -215.968750;setang_exact 0.000000 333.841553 0.000000
setpos_exact -726.456299 622.419861 -215.968750;setang_exact 0.000000 327.002563 0.000000
setpos_exact -564.000122 1160.013550 -144.291595;setang_exact 0.000000 88.901367 0.000000
setpos_exact -732.811951 623.991272 -215.968750;setang_exact 0.000000 328.765869 0.000000
setpos_exact 1067.319336 -1609.475220 -351.968750;setang_exact 0.000000 157.390137 0.000000
setpos_exact -1696.776367 761.417664 11776.031250;setang_exact 0.000000 187.818909 0.000000
setpos_exact -183.610352 -256.048309 11776.031250;setang_exact 0.000000 305.524597 0.000000
setpos_exact 272.003479 -80.022522 -13.301686;setang_exact 0.000000 272.719116 0.000000
setpos_exact 272.031250 -79.998497 -13.299370;setang_exact 0.000000 274.553833 0.000000
setpos_exact 114.000031 -80.001617 -26.468639;setang_exact 0.000000 334.110718 0.000000
setpos_exact -184.454926 -91.854813 -31.968748;setang_exact 0.000000 1.010742 0.000000
setpos_exact 464.018158 -16.017998 4.029644;setang_exact 0.000000 174.074097 0.000000
setpos_exact 464.018158 -16.017998 4.029644;setang_exact 0.000000 232.481689 0.000000
setpos_exact -1174.844971 -1037.662720 -167.968750;setang_exact 0.000000 92.010498 0.000000
setpos_exact -1247.968750 -522.003235 -167.968750;setang_exact 0.000000 346.187744 0.000000
setpos_exact -1247.968750 -522.003235 -167.968750;setang_exact 0.000000 318.460693 0.000000
setpos_exact -1247.992798 -522.031250 -167.968750;setang_exact 0.000000 323.206787 0.000000
setpos_exact -1179.882568 -1079.024902 -167.968750;setang_exact 0.000000 86.050415 0.000000
setpos_exact -803.697388 -2314.728027 -175.616943;setang_exact 0.000000 5.894165 0.000000
setpos_exact -1982.513916 242.815567 -159.968750;setang_exact 0.000000 102.970299 0.000000
setpos_exact 88.921371 -2070.938721 -35.968750;setang_exact 0.000000 113.341599 0.000000
setpos_exact -1406.714844 -2432.729004 -219.662399;setang_exact 0.000000 14.238281 0.000000
setpos_exact 1258.356567 -871.999756 -143.968750;setang_exact 0.000000 266.978760 0.000000
setpos_exact -1417.526855 -2393.888672 -224.414154;setang_exact 0.000000 334.428711 0.000000
setpos_exact -1409.262573 -2431.873779 -220.228973;setang_exact 0.000000 14.254761 0.000000
setpos_exact -944.002380 -472.595245 -94.968750;setang_exact 0.000000 275.861206 0.000000
setpos_exact -1586.447998 -1469.580933 -264.717224;setang_exact 0.000000 68.871338 0.000000
setpos_exact -1717.766113 -1800.229980 -266.851776;setang_exact 0.000000 72.729492 0.000000
setpos_exact 58.518806 -2101.321777 -35.968750;setang_exact 0.000000 124.573151 0.000000
setpos_exact -1711.968750 -970.119202 -191.218658;setang_exact 0.000000 0.637207 0.000000
setpos_exact -1711.999756 -895.941223 -175.695984;setang_exact 0.000000 341.066284 0.000000
setpos_exact -1639.524414 -1355.108765 -264.354340;setang_exact 0.000000 66.293266 0.000000
setpos_exact -1624.842041 -1844.171753 -268.879669;setang_exact 0.000000 82.078857 0.000000
setpos_exact -1189.020630 -1313.031860 -171.579102;setang_exact 0.000000 92.471924 0.000000
setpos_exact -1254.593750 -1390.770874 -167.450867;setang_exact 0.000000 75.937500 0.000000
setpos_exact -1178.875732 -1166.699219 -167.968750;setang_exact 0.000000 89.708862 0.000000
setpos_exact -1176.317383 -1054.198120 -167.968750;setang_exact 0.000000 89.912109 0.000000
setpos_exact -1177.410156 -1064.755493 -167.968750;setang_exact 0.000000 89.840698 0.000000
setpos_exact -1711.968750 -761.031250 -167.968918;setang_exact 0.000000 313.890381 0.000000
setpos_exact -1662.809326 -1327.256592 -262.349762;setang_exact 0.000000 73.350220 0.000000
setpos_exact -1617.051636 -1226.064209 -260.269867;setang_exact 0.000000 73.756714 0.000000
setpos_exact -1171.169067 -66.002068 -53.180618;setang_exact 0.000000 272.015991 0.000000
setpos_exact 57.730705 -2107.087402 -35.968750;setang_exact 0.000000 94.615639 0.000000
setpos_exact -1987.031250 434.406433 -159.968750;setang_exact 0.000000 137.845459 0.000000
setpos_exact 1111.452637 -1104.512695 1.021461;setang_exact 0.000000 100.870972 0.000000
setpos_exact 1098.619873 -1035.620239 6.290750;setang_exact 0.000000 101.074219 0.000000
setpos_exact -298.761322 1178.545166 61.625385;setang_exact 0.000000 296.630859 0.000000
setpos_exact -699.486511 -2097.819580 -168.963196;setang_exact 0.000000 123.478394 0.000000
setpos_exact -686.376648 -2095.639160 -167.752579;setang_exact 0.000000 100.393066 0.000000
setpos_exact -680.851196 -2125.754883 -166.519684;setang_exact 0.000000 100.052490 0.000000
setpos_exact -431.443085 1328.400269 25.491617;setang_exact 0.000000 245.264282 0.000000
setpos_exact -735.997314 -2073.796387 -163.482422;setang_exact 0.000000 9.805298 0.000000
setpos_exact -632.031250 -2048.379395 -146.968750;setang_exact 0.000000 3.636475 0.000000
setpos_exact -632.031250 -2048.379395 -146.968750;setang_exact 0.000000 55.942383 0.000000
